#! /c/Source/iverilog-install/bin/vvp
:ivl_version "12.0 (devel)" "(s20150603-1110-g18392a46)";
:ivl_delay_selection "TYPICAL";
:vpi_time_precision - 12;
:vpi_module "C:\iverilog\lib\ivl\system.vpi";
:vpi_module "C:\iverilog\lib\ivl\vhdl_sys.vpi";
:vpi_module "C:\iverilog\lib\ivl\vhdl_textio.vpi";
:vpi_module "C:\iverilog\lib\ivl\v2005_math.vpi";
:vpi_module "C:\iverilog\lib\ivl\va_math.vpi";
S_00000218faec1e10 .scope module, "MUX" "MUX" 2 1;
 .timescale -9 -12;
    .port_info 0 /INPUT 8 "inB";
    .port_info 1 /INPUT 8 "imm";
    .port_info 2 /INPUT 1 "sel";
    .port_info 3 /OUTPUT 8 "outB";
v00000218faeaae40_0 .net *"_ivl_0", 7 0, L_00000218faf2e040;  1 drivers
o00000218faecee78 .functor BUFZ 8, C4<zzzzzzzz>; HiZ drive
v00000218faeabc00_0 .net "imm", 7 0, o00000218faecee78;  0 drivers
o00000218faeceea8 .functor BUFZ 8, C4<zzzzzzzz>; HiZ drive
v00000218faeab0c0_0 .net "inB", 7 0, o00000218faeceea8;  0 drivers
v00000218faeaab20_0 .net "out", 0 0, L_00000218faf2ea40;  1 drivers
o00000218faecef08 .functor BUFZ 8, C4<zzzzzzzz>; HiZ drive
v00000218faeaaee0_0 .net "outB", 7 0, o00000218faecef08;  0 drivers
o00000218faecef38 .functor BUFZ 1, C4<z>; HiZ drive
v00000218faeab520_0 .net "sel", 0 0, o00000218faecef38;  0 drivers
L_00000218faf2e040 .functor MUXZ 8, o00000218faeceea8, o00000218faecee78, o00000218faecef38, C4<>;
L_00000218faf2ea40 .part L_00000218faf2e040, 0, 1;
S_00000218fae1f090 .scope module, "programcounter" "programcounter" 3 1;
 .timescale -9 -9;
    .port_info 0 /INPUT 8 "imj";
    .port_info 1 /INPUT 8 "imi";
    .port_info 2 /INPUT 1 "clk";
    .port_info 3 /INPUT 1 "rst";
    .port_info 4 /INPUT 1 "branch";
    .port_info 5 /INPUT 1 "nia";
    .port_info 6 /OUTPUT 8 "add";
L_00000218faea6e00 .functor BUFZ 8, v00000218faeabca0_0, C4<00000000>, C4<00000000>, C4<00000000>;
v00000218faeabca0_0 .var "add", 7 0;
o00000218faecf058 .functor BUFZ 1, C4<z>; HiZ drive
v00000218faeac1a0_0 .net "branch", 0 0, o00000218faecf058;  0 drivers
o00000218faecf088 .functor BUFZ 1, C4<z>; HiZ drive
v00000218faeaa9e0_0 .net "clk", 0 0, o00000218faecf088;  0 drivers
o00000218faecf0b8 .functor BUFZ 8, C4<zzzzzzzz>; HiZ drive
v00000218faeab980_0 .net "imi", 7 0, o00000218faecf0b8;  0 drivers
o00000218faecf0e8 .functor BUFZ 8, C4<zzzzzzzz>; HiZ drive
v00000218faeab160_0 .net "imj", 7 0, o00000218faecf0e8;  0 drivers
o00000218faecf118 .functor BUFZ 1, C4<z>; HiZ drive
v00000218faeaabc0_0 .net "nia", 0 0, o00000218faecf118;  0 drivers
v00000218faeaad00_0 .net "pc", 7 0, L_00000218faea6e00;  1 drivers
o00000218faecf178 .functor BUFZ 1, C4<z>; HiZ drive
v00000218faeab5c0_0 .net "rst", 0 0, o00000218faecf178;  0 drivers
E_00000218faeb0210 .event posedge, v00000218faeab5c0_0, v00000218faeaa9e0_0;
S_00000218fae1f220 .scope module, "testbench" "testbench" 4 11;
 .timescale -9 -9;
v00000218faf2f3a0_0 .net "clk", 0 0, v00000218faeabd40_0;  1 drivers
v00000218faf2f440_0 .var/i "i", 31 0;
v00000218faf2e9a0_0 .var "rst", 0 0;
S_00000218fae1f3b0 .scope module, "c1" "clkgen" 4 17, 4 5 0, S_00000218fae1f220;
 .timescale -9 -9;
    .port_info 0 /OUTPUT 1 "clk";
v00000218faeabd40_0 .var "clk", 0 0;
S_00000218fae0ac50 .scope module, "d" "Datapath" 4 19, 5 21 0, S_00000218fae1f220;
 .timescale -9 -9;
    .port_info 0 /INPUT 1 "clk";
    .port_info 1 /INPUT 1 "rst";
v00000218faf2cad0_0 .net "A", 7 0, v00000218faf265d0_0;  1 drivers
v00000218faf2cf30_0 .net "ALUFn", 2 0, v00000218faf259f0_0;  1 drivers
v00000218faf2ca30_0 .net "ALUSrc", 0 0, v00000218faf24eb0_0;  1 drivers
v00000218faf2c5d0_0 .net "B", 7 0, v00000218faf24910_0;  1 drivers
v00000218faf2d2f0_0 .net "FinalB", 7 0, L_00000218faf2ee00;  1 drivers
v00000218faf2d4d0_0 .net "Immi", 6 0, L_00000218faf2eae0;  1 drivers
v00000218faf2d390_0 .net "Immj", 7 0, L_00000218faf2ecc0;  1 drivers
v00000218faf2b9f0_0 .net "L2_alufnout", 2 0, v00000218faf29050_0;  1 drivers
v00000218faf2be50_0 .net "L2_alusrcout", 0 0, v00000218faf27a70_0;  1 drivers
v00000218faf2c670_0 .net "L2_memreadout", 0 0, v00000218faf2ae80_0;  1 drivers
v00000218faf2bb30_0 .net "L2_memtoregout", 0 0, v00000218faf29f80_0;  1 drivers
v00000218faf2c210_0 .net "L2_memwriteout", 0 0, v00000218faf299e0_0;  1 drivers
v00000218faf2bbd0_0 .net "L2_regwradd", 2 0, v00000218faf2a660_0;  1 drivers
v00000218faf2d430_0 .net "L2_regwrite", 0 0, v00000218faf29c60_0;  1 drivers
v00000218faf2bd10_0 .net "L3Bout", 7 0, v00000218faf2af20_0;  1 drivers
v00000218faf2d570_0 .net "L3_regwradd", 2 0, v00000218faf29a80_0;  1 drivers
v00000218faf2d1b0_0 .net "L3alu_outout", 7 0, v00000218faf2b240_0;  1 drivers
v00000218faf2c2b0_0 .net "L3memreadout", 0 0, v00000218faf2b380_0;  1 drivers
v00000218faf2bef0_0 .net "L3memtoregout", 0 0, v00000218faf2a020_0;  1 drivers
v00000218faf2ccb0_0 .net "L3memwriteout", 0 0, v00000218faf2a0c0_0;  1 drivers
v00000218faf2d750_0 .net "L3regwriteout", 0 0, v00000218faf2aa20_0;  1 drivers
v00000218faf2c170_0 .net "L4MemToRegmux", 0 0, v00000218faf2ade0_0;  1 drivers
v00000218faf2bc70_0 .net "L4_regwradd", 2 0, v00000218faf2b950_0;  1 drivers
v00000218faf2c030_0 .net "L4alu_in", 7 0, v00000218faf2b4c0_0;  1 drivers
v00000218faf2bf90_0 .net "L4mem_in", 7 0, v00000218faf2b740_0;  1 drivers
v00000218faf2c490_0 .net "L4regwrite", 0 0, v00000218faf2b420_0;  1 drivers
v00000218faf2c0d0_0 .net "MemRead", 0 0, v00000218faf24c30_0;  1 drivers
v00000218faf2ce90_0 .net "MemReg", 7 0, L_00000218faf791e0;  1 drivers
v00000218faf2c3f0_0 .net "MemToReg", 0 0, v00000218faf26670_0;  1 drivers
v00000218faf2c850_0 .net "MemWrite", 0 0, v00000218faf26530_0;  1 drivers
v00000218faf2c8f0_0 .net "NIA", 0 0, v00000218faf26210_0;  1 drivers
v00000218faf2cdf0_0 .net "OpFn", 4 0, v00000218faeac060_0;  1 drivers
v00000218faf2cd50_0 .net "RDo", 2 0, v00000218faf25630_0;  1 drivers
v00000218faf2cfd0_0 .net "Ra", 2 0, L_00000218faf2d8c0;  1 drivers
v00000218faf2d070_0 .net "Raout", 2 0, v00000218faf28d30_0;  1 drivers
v00000218faf2d250_0 .net "Rb", 2 0, L_00000218faf2de60;  1 drivers
v00000218faf2f580_0 .net "Rbout", 2 0, v00000218faf28650_0;  1 drivers
v00000218faf2d960_0 .net "Rd", 2 0, L_00000218faf2df00;  1 drivers
v00000218faf2daa0_0 .net "Rdout", 2 0, v00000218faf285b0_0;  1 drivers
v00000218faf2f4e0_0 .net "RegDst", 0 0, v00000218faf24af0_0;  1 drivers
v00000218faf2eea0_0 .net "RegWrite", 0 0, v00000218faf26710_0;  1 drivers
v00000218faf2e4a0_0 .net "SignExtendedImm", 7 0, L_00000218faf2ed60;  1 drivers
v00000218faf2ef40_0 .net "ToMux", 7 0, v00000218faeaaa80_0;  1 drivers
v00000218faf2dfa0_0 .net "alu_out", 7 0, v00000218faeab340_0;  1 drivers
v00000218faf2e680_0 .net "alubeq", 0 0, v00000218faeab700_0;  1 drivers
v00000218faf2e540_0 .net "alufnout", 2 0, v00000218faf288d0_0;  1 drivers
v00000218faf2efe0_0 .net "alusrcout", 0 0, v00000218faf28f10_0;  1 drivers
v00000218faf2e180_0 .net "clk", 0 0, v00000218faeabd40_0;  alias, 1 drivers
v00000218faf2e400_0 .net "immout", 7 0, v00000218faf28790_0;  1 drivers
v00000218faf2db40_0 .net "l2Aout", 7 0, v00000218faf27e30_0;  1 drivers
v00000218faf2e360_0 .net "l2Bout", 7 0, v00000218faf28010_0;  1 drivers
v00000218faf2e720_0 .net "l2immout", 7 0, v00000218faf29bc0_0;  1 drivers
v00000218faf2da00_0 .net "l2m1out", 7 0, v00000218faf2a340_0;  1 drivers
v00000218faf2f080_0 .net "l2m2out", 7 0, v00000218faf298a0_0;  1 drivers
v00000218faf2e900_0 .net "l3m2out", 7 0, v00000218faf2b2e0_0;  1 drivers
v00000218faf2dbe0_0 .net "m1out", 7 0, v00000218faf28510_0;  1 drivers
v00000218faf2e2c0_0 .net "m2out", 7 0, v00000218faf281f0_0;  1 drivers
v00000218faf2f1c0_0 .net "memreadout", 0 0, v00000218faf28470_0;  1 drivers
v00000218faf2f120_0 .net "memtoregout", 0 0, v00000218faf28290_0;  1 drivers
v00000218faf2eb80_0 .net "memwriteout", 0 0, v00000218faf28a10_0;  1 drivers
v00000218faf2e7c0_0 .net "pin", 7 0, L_00000218faf2dc80;  1 drivers
v00000218faf2f260_0 .net "pinc", 7 0, L_00000218faf2f620;  1 drivers
v00000218faf2e5e0_0 .net "pinci", 7 0, L_00000218faf2f760;  1 drivers
v00000218faf2f6c0_0 .net "pincj", 7 0, L_00000218faf796e0;  1 drivers
v00000218faf2e220_0 .net "regdstout", 0 0, v00000218faf27d90_0;  1 drivers
v00000218faf2ec20_0 .net "regwriteout", 0 0, v00000218faf28e70_0;  1 drivers
v00000218faf2dd20_0 .net "rst", 0 0, v00000218faf2e9a0_0;  1 drivers
v00000218faf2f300_0 .net "tIR", 7 0, v00000218faf2cb70_0;  1 drivers
v00000218faf2e860_0 .net "tInst", 15 0, L_00000218faea7490;  1 drivers
S_00000218fae0ade0 .scope module, "AL" "alu" 5 87, 6 1 0, S_00000218fae0ac50;
 .timescale -9 -12;
    .port_info 0 /INPUT 8 "Ra";
    .port_info 1 /INPUT 8 "Rb";
    .port_info 2 /INPUT 3 "alufn";
    .port_info 3 /OUTPUT 1 "alubeq";
    .port_info 4 /OUTPUT 8 "alu_out";
v00000218faeab660_0 .net "Ra", 7 0, v00000218faf27e30_0;  alias, 1 drivers
v00000218faeab020_0 .net "Rb", 7 0, L_00000218faf2ee00;  alias, 1 drivers
v00000218faeab340_0 .var "alu_out", 7 0;
v00000218faeab700_0 .var "alubeq", 0 0;
v00000218faeabe80_0 .net "alufn", 2 0, v00000218faf29050_0;  alias, 1 drivers
E_00000218faeb1010 .event anyedge, v00000218faeabe80_0, v00000218faeab660_0, v00000218faeab020_0;
S_00000218fae0af70 .scope module, "DE" "decoder" 5 76, 7 1 0, S_00000218fae0ac50;
 .timescale -9 -9;
    .port_info 0 /INPUT 16 "inst";
    .port_info 1 /OUTPUT 3 "ra_i";
    .port_info 2 /OUTPUT 3 "rb_i";
    .port_info 3 /OUTPUT 3 "rd_i";
    .port_info 4 /OUTPUT 7 "immi";
    .port_info 5 /OUTPUT 8 "immj";
    .port_info 6 /OUTPUT 5 "opfn";
v00000218faeabfc0_0 .net "immi", 6 0, L_00000218faf2eae0;  alias, 1 drivers
v00000218faeac100_0 .net "immj", 7 0, L_00000218faf2ecc0;  alias, 1 drivers
v00000218faeab8e0_0 .net "inst", 15 0, L_00000218faea7490;  alias, 1 drivers
v00000218faeac060_0 .var "opfn", 4 0;
v00000218faeac2e0_0 .net "ra_i", 2 0, L_00000218faf2d8c0;  alias, 1 drivers
v00000218faeab200_0 .net "rb_i", 2 0, L_00000218faf2de60;  alias, 1 drivers
v00000218faeaba20_0 .net "rd_i", 2 0, L_00000218faf2df00;  alias, 1 drivers
E_00000218faeb1a50 .event anyedge, v00000218faeab8e0_0;
L_00000218faf2d8c0 .part L_00000218faea7490, 3, 3;
L_00000218faf2de60 .part L_00000218faea7490, 0, 3;
L_00000218faf2df00 .part L_00000218faea7490, 6, 3;
L_00000218faf2eae0 .part L_00000218faea7490, 6, 7;
L_00000218faf2ecc0 .part L_00000218faea7490, 0, 8;
S_00000218fae24990 .scope module, "IR" "instreg" 5 75, 8 2 0, S_00000218fae0ac50;
 .timescale -9 -9;
    .port_info 0 /INPUT 8 "add";
    .port_info 1 /OUTPUT 16 "inst";
L_00000218faea7490 .functor BUFZ 16, L_00000218faf2ddc0, C4<0000000000000000>, C4<0000000000000000>, C4<0000000000000000>;
v00000218faeac420_0 .net *"_ivl_0", 15 0, L_00000218faf2ddc0;  1 drivers
v00000218faeac380_0 .net *"_ivl_2", 9 0, L_00000218faf2e0e0;  1 drivers
L_00000218faf2f8d0 .functor BUFT 1, C4<00>, C4<0>, C4<0>, C4<0>;
v00000218faeab7a0_0 .net *"_ivl_5", 1 0, L_00000218faf2f8d0;  1 drivers
v00000218faeac4c0_0 .net "add", 7 0, v00000218faf2cb70_0;  alias, 1 drivers
v00000218faeac560_0 .var/i "i", 31 0;
v00000218faeabac0_0 .net "inst", 15 0, L_00000218faea7490;  alias, 1 drivers
v00000218faeaaf80_0 .var "isreg", 0 0;
v00000218faeab840_0 .var/i "j", 31 0;
v00000218faeac600 .array "mem", 0 255, 15 0;
v00000218faeaac60_0 .var "r2wr", 2 0;
L_00000218faf2ddc0 .array/port v00000218faeac600, L_00000218faf2e0e0;
L_00000218faf2e0e0 .concat [ 8 2 0 0], v00000218faf2cb70_0, L_00000218faf2f8d0;
S_00000218fae24b20 .scope module, "MEM" "register256x8" 5 92, 9 3 0, S_00000218fae0ac50;
 .timescale -9 -9;
    .port_info 0 /INPUT 1 "clk";
    .port_info 1 /INPUT 1 "mem_read";
    .port_info 2 /INPUT 1 "mem_write";
    .port_info 3 /INPUT 8 "aluout_in";
    .port_info 4 /INPUT 8 "address_in";
    .port_info 5 /OUTPUT 8 "memtoreg_out";
v00000218faeab2a0_0 .net "address_in", 7 0, v00000218faf2b240_0;  alias, 1 drivers
v00000218faeabb60_0 .net "aluout_in", 7 0, v00000218faf2af20_0;  alias, 1 drivers
v00000218faeac6a0_0 .net "clk", 0 0, v00000218faeabd40_0;  alias, 1 drivers
v00000218faeac740_0 .net "mem_read", 0 0, v00000218faf2b380_0;  alias, 1 drivers
v00000218faeac7e0_0 .net "mem_write", 0 0, v00000218faf2a0c0_0;  alias, 1 drivers
v00000218faeaa940 .array "memory_array", 0 255, 7 0;
v00000218faeaaa80_0 .var "memtoreg_out", 7 0;
v00000218faeaa940_0 .array/port v00000218faeaa940, 0;
v00000218faeaa940_1 .array/port v00000218faeaa940, 1;
E_00000218faeb1190/0 .event anyedge, v00000218faeac740_0, v00000218faeab2a0_0, v00000218faeaa940_0, v00000218faeaa940_1;
v00000218faeaa940_2 .array/port v00000218faeaa940, 2;
v00000218faeaa940_3 .array/port v00000218faeaa940, 3;
v00000218faeaa940_4 .array/port v00000218faeaa940, 4;
v00000218faeaa940_5 .array/port v00000218faeaa940, 5;
E_00000218faeb1190/1 .event anyedge, v00000218faeaa940_2, v00000218faeaa940_3, v00000218faeaa940_4, v00000218faeaa940_5;
v00000218faeaa940_6 .array/port v00000218faeaa940, 6;
v00000218faeaa940_7 .array/port v00000218faeaa940, 7;
v00000218faeaa940_8 .array/port v00000218faeaa940, 8;
v00000218faeaa940_9 .array/port v00000218faeaa940, 9;
E_00000218faeb1190/2 .event anyedge, v00000218faeaa940_6, v00000218faeaa940_7, v00000218faeaa940_8, v00000218faeaa940_9;
v00000218faeaa940_10 .array/port v00000218faeaa940, 10;
v00000218faeaa940_11 .array/port v00000218faeaa940, 11;
v00000218faeaa940_12 .array/port v00000218faeaa940, 12;
v00000218faeaa940_13 .array/port v00000218faeaa940, 13;
E_00000218faeb1190/3 .event anyedge, v00000218faeaa940_10, v00000218faeaa940_11, v00000218faeaa940_12, v00000218faeaa940_13;
v00000218faeaa940_14 .array/port v00000218faeaa940, 14;
v00000218faeaa940_15 .array/port v00000218faeaa940, 15;
v00000218faeaa940_16 .array/port v00000218faeaa940, 16;
v00000218faeaa940_17 .array/port v00000218faeaa940, 17;
E_00000218faeb1190/4 .event anyedge, v00000218faeaa940_14, v00000218faeaa940_15, v00000218faeaa940_16, v00000218faeaa940_17;
v00000218faeaa940_18 .array/port v00000218faeaa940, 18;
v00000218faeaa940_19 .array/port v00000218faeaa940, 19;
v00000218faeaa940_20 .array/port v00000218faeaa940, 20;
v00000218faeaa940_21 .array/port v00000218faeaa940, 21;
E_00000218faeb1190/5 .event anyedge, v00000218faeaa940_18, v00000218faeaa940_19, v00000218faeaa940_20, v00000218faeaa940_21;
v00000218faeaa940_22 .array/port v00000218faeaa940, 22;
v00000218faeaa940_23 .array/port v00000218faeaa940, 23;
v00000218faeaa940_24 .array/port v00000218faeaa940, 24;
v00000218faeaa940_25 .array/port v00000218faeaa940, 25;
E_00000218faeb1190/6 .event anyedge, v00000218faeaa940_22, v00000218faeaa940_23, v00000218faeaa940_24, v00000218faeaa940_25;
v00000218faeaa940_26 .array/port v00000218faeaa940, 26;
v00000218faeaa940_27 .array/port v00000218faeaa940, 27;
v00000218faeaa940_28 .array/port v00000218faeaa940, 28;
v00000218faeaa940_29 .array/port v00000218faeaa940, 29;
E_00000218faeb1190/7 .event anyedge, v00000218faeaa940_26, v00000218faeaa940_27, v00000218faeaa940_28, v00000218faeaa940_29;
v00000218faeaa940_30 .array/port v00000218faeaa940, 30;
v00000218faeaa940_31 .array/port v00000218faeaa940, 31;
v00000218faeaa940_32 .array/port v00000218faeaa940, 32;
v00000218faeaa940_33 .array/port v00000218faeaa940, 33;
E_00000218faeb1190/8 .event anyedge, v00000218faeaa940_30, v00000218faeaa940_31, v00000218faeaa940_32, v00000218faeaa940_33;
v00000218faeaa940_34 .array/port v00000218faeaa940, 34;
v00000218faeaa940_35 .array/port v00000218faeaa940, 35;
v00000218faeaa940_36 .array/port v00000218faeaa940, 36;
v00000218faeaa940_37 .array/port v00000218faeaa940, 37;
E_00000218faeb1190/9 .event anyedge, v00000218faeaa940_34, v00000218faeaa940_35, v00000218faeaa940_36, v00000218faeaa940_37;
v00000218faeaa940_38 .array/port v00000218faeaa940, 38;
v00000218faeaa940_39 .array/port v00000218faeaa940, 39;
v00000218faeaa940_40 .array/port v00000218faeaa940, 40;
v00000218faeaa940_41 .array/port v00000218faeaa940, 41;
E_00000218faeb1190/10 .event anyedge, v00000218faeaa940_38, v00000218faeaa940_39, v00000218faeaa940_40, v00000218faeaa940_41;
v00000218faeaa940_42 .array/port v00000218faeaa940, 42;
v00000218faeaa940_43 .array/port v00000218faeaa940, 43;
v00000218faeaa940_44 .array/port v00000218faeaa940, 44;
v00000218faeaa940_45 .array/port v00000218faeaa940, 45;
E_00000218faeb1190/11 .event anyedge, v00000218faeaa940_42, v00000218faeaa940_43, v00000218faeaa940_44, v00000218faeaa940_45;
v00000218faeaa940_46 .array/port v00000218faeaa940, 46;
v00000218faeaa940_47 .array/port v00000218faeaa940, 47;
v00000218faeaa940_48 .array/port v00000218faeaa940, 48;
v00000218faeaa940_49 .array/port v00000218faeaa940, 49;
E_00000218faeb1190/12 .event anyedge, v00000218faeaa940_46, v00000218faeaa940_47, v00000218faeaa940_48, v00000218faeaa940_49;
v00000218faeaa940_50 .array/port v00000218faeaa940, 50;
v00000218faeaa940_51 .array/port v00000218faeaa940, 51;
v00000218faeaa940_52 .array/port v00000218faeaa940, 52;
v00000218faeaa940_53 .array/port v00000218faeaa940, 53;
E_00000218faeb1190/13 .event anyedge, v00000218faeaa940_50, v00000218faeaa940_51, v00000218faeaa940_52, v00000218faeaa940_53;
v00000218faeaa940_54 .array/port v00000218faeaa940, 54;
v00000218faeaa940_55 .array/port v00000218faeaa940, 55;
v00000218faeaa940_56 .array/port v00000218faeaa940, 56;
v00000218faeaa940_57 .array/port v00000218faeaa940, 57;
E_00000218faeb1190/14 .event anyedge, v00000218faeaa940_54, v00000218faeaa940_55, v00000218faeaa940_56, v00000218faeaa940_57;
v00000218faeaa940_58 .array/port v00000218faeaa940, 58;
v00000218faeaa940_59 .array/port v00000218faeaa940, 59;
v00000218faeaa940_60 .array/port v00000218faeaa940, 60;
v00000218faeaa940_61 .array/port v00000218faeaa940, 61;
E_00000218faeb1190/15 .event anyedge, v00000218faeaa940_58, v00000218faeaa940_59, v00000218faeaa940_60, v00000218faeaa940_61;
v00000218faeaa940_62 .array/port v00000218faeaa940, 62;
v00000218faeaa940_63 .array/port v00000218faeaa940, 63;
v00000218faeaa940_64 .array/port v00000218faeaa940, 64;
v00000218faeaa940_65 .array/port v00000218faeaa940, 65;
E_00000218faeb1190/16 .event anyedge, v00000218faeaa940_62, v00000218faeaa940_63, v00000218faeaa940_64, v00000218faeaa940_65;
v00000218faeaa940_66 .array/port v00000218faeaa940, 66;
v00000218faeaa940_67 .array/port v00000218faeaa940, 67;
v00000218faeaa940_68 .array/port v00000218faeaa940, 68;
v00000218faeaa940_69 .array/port v00000218faeaa940, 69;
E_00000218faeb1190/17 .event anyedge, v00000218faeaa940_66, v00000218faeaa940_67, v00000218faeaa940_68, v00000218faeaa940_69;
v00000218faeaa940_70 .array/port v00000218faeaa940, 70;
v00000218faeaa940_71 .array/port v00000218faeaa940, 71;
v00000218faeaa940_72 .array/port v00000218faeaa940, 72;
v00000218faeaa940_73 .array/port v00000218faeaa940, 73;
E_00000218faeb1190/18 .event anyedge, v00000218faeaa940_70, v00000218faeaa940_71, v00000218faeaa940_72, v00000218faeaa940_73;
v00000218faeaa940_74 .array/port v00000218faeaa940, 74;
v00000218faeaa940_75 .array/port v00000218faeaa940, 75;
v00000218faeaa940_76 .array/port v00000218faeaa940, 76;
v00000218faeaa940_77 .array/port v00000218faeaa940, 77;
E_00000218faeb1190/19 .event anyedge, v00000218faeaa940_74, v00000218faeaa940_75, v00000218faeaa940_76, v00000218faeaa940_77;
v00000218faeaa940_78 .array/port v00000218faeaa940, 78;
v00000218faeaa940_79 .array/port v00000218faeaa940, 79;
v00000218faeaa940_80 .array/port v00000218faeaa940, 80;
v00000218faeaa940_81 .array/port v00000218faeaa940, 81;
E_00000218faeb1190/20 .event anyedge, v00000218faeaa940_78, v00000218faeaa940_79, v00000218faeaa940_80, v00000218faeaa940_81;
v00000218faeaa940_82 .array/port v00000218faeaa940, 82;
v00000218faeaa940_83 .array/port v00000218faeaa940, 83;
v00000218faeaa940_84 .array/port v00000218faeaa940, 84;
v00000218faeaa940_85 .array/port v00000218faeaa940, 85;
E_00000218faeb1190/21 .event anyedge, v00000218faeaa940_82, v00000218faeaa940_83, v00000218faeaa940_84, v00000218faeaa940_85;
v00000218faeaa940_86 .array/port v00000218faeaa940, 86;
v00000218faeaa940_87 .array/port v00000218faeaa940, 87;
v00000218faeaa940_88 .array/port v00000218faeaa940, 88;
v00000218faeaa940_89 .array/port v00000218faeaa940, 89;
E_00000218faeb1190/22 .event anyedge, v00000218faeaa940_86, v00000218faeaa940_87, v00000218faeaa940_88, v00000218faeaa940_89;
v00000218faeaa940_90 .array/port v00000218faeaa940, 90;
v00000218faeaa940_91 .array/port v00000218faeaa940, 91;
v00000218faeaa940_92 .array/port v00000218faeaa940, 92;
v00000218faeaa940_93 .array/port v00000218faeaa940, 93;
E_00000218faeb1190/23 .event anyedge, v00000218faeaa940_90, v00000218faeaa940_91, v00000218faeaa940_92, v00000218faeaa940_93;
v00000218faeaa940_94 .array/port v00000218faeaa940, 94;
v00000218faeaa940_95 .array/port v00000218faeaa940, 95;
v00000218faeaa940_96 .array/port v00000218faeaa940, 96;
v00000218faeaa940_97 .array/port v00000218faeaa940, 97;
E_00000218faeb1190/24 .event anyedge, v00000218faeaa940_94, v00000218faeaa940_95, v00000218faeaa940_96, v00000218faeaa940_97;
v00000218faeaa940_98 .array/port v00000218faeaa940, 98;
v00000218faeaa940_99 .array/port v00000218faeaa940, 99;
v00000218faeaa940_100 .array/port v00000218faeaa940, 100;
v00000218faeaa940_101 .array/port v00000218faeaa940, 101;
E_00000218faeb1190/25 .event anyedge, v00000218faeaa940_98, v00000218faeaa940_99, v00000218faeaa940_100, v00000218faeaa940_101;
v00000218faeaa940_102 .array/port v00000218faeaa940, 102;
v00000218faeaa940_103 .array/port v00000218faeaa940, 103;
v00000218faeaa940_104 .array/port v00000218faeaa940, 104;
v00000218faeaa940_105 .array/port v00000218faeaa940, 105;
E_00000218faeb1190/26 .event anyedge, v00000218faeaa940_102, v00000218faeaa940_103, v00000218faeaa940_104, v00000218faeaa940_105;
v00000218faeaa940_106 .array/port v00000218faeaa940, 106;
v00000218faeaa940_107 .array/port v00000218faeaa940, 107;
v00000218faeaa940_108 .array/port v00000218faeaa940, 108;
v00000218faeaa940_109 .array/port v00000218faeaa940, 109;
E_00000218faeb1190/27 .event anyedge, v00000218faeaa940_106, v00000218faeaa940_107, v00000218faeaa940_108, v00000218faeaa940_109;
v00000218faeaa940_110 .array/port v00000218faeaa940, 110;
v00000218faeaa940_111 .array/port v00000218faeaa940, 111;
v00000218faeaa940_112 .array/port v00000218faeaa940, 112;
v00000218faeaa940_113 .array/port v00000218faeaa940, 113;
E_00000218faeb1190/28 .event anyedge, v00000218faeaa940_110, v00000218faeaa940_111, v00000218faeaa940_112, v00000218faeaa940_113;
v00000218faeaa940_114 .array/port v00000218faeaa940, 114;
v00000218faeaa940_115 .array/port v00000218faeaa940, 115;
v00000218faeaa940_116 .array/port v00000218faeaa940, 116;
v00000218faeaa940_117 .array/port v00000218faeaa940, 117;
E_00000218faeb1190/29 .event anyedge, v00000218faeaa940_114, v00000218faeaa940_115, v00000218faeaa940_116, v00000218faeaa940_117;
v00000218faeaa940_118 .array/port v00000218faeaa940, 118;
v00000218faeaa940_119 .array/port v00000218faeaa940, 119;
v00000218faeaa940_120 .array/port v00000218faeaa940, 120;
v00000218faeaa940_121 .array/port v00000218faeaa940, 121;
E_00000218faeb1190/30 .event anyedge, v00000218faeaa940_118, v00000218faeaa940_119, v00000218faeaa940_120, v00000218faeaa940_121;
v00000218faeaa940_122 .array/port v00000218faeaa940, 122;
v00000218faeaa940_123 .array/port v00000218faeaa940, 123;
v00000218faeaa940_124 .array/port v00000218faeaa940, 124;
v00000218faeaa940_125 .array/port v00000218faeaa940, 125;
E_00000218faeb1190/31 .event anyedge, v00000218faeaa940_122, v00000218faeaa940_123, v00000218faeaa940_124, v00000218faeaa940_125;
v00000218faeaa940_126 .array/port v00000218faeaa940, 126;
v00000218faeaa940_127 .array/port v00000218faeaa940, 127;
v00000218faeaa940_128 .array/port v00000218faeaa940, 128;
v00000218faeaa940_129 .array/port v00000218faeaa940, 129;
E_00000218faeb1190/32 .event anyedge, v00000218faeaa940_126, v00000218faeaa940_127, v00000218faeaa940_128, v00000218faeaa940_129;
v00000218faeaa940_130 .array/port v00000218faeaa940, 130;
v00000218faeaa940_131 .array/port v00000218faeaa940, 131;
v00000218faeaa940_132 .array/port v00000218faeaa940, 132;
v00000218faeaa940_133 .array/port v00000218faeaa940, 133;
E_00000218faeb1190/33 .event anyedge, v00000218faeaa940_130, v00000218faeaa940_131, v00000218faeaa940_132, v00000218faeaa940_133;
v00000218faeaa940_134 .array/port v00000218faeaa940, 134;
v00000218faeaa940_135 .array/port v00000218faeaa940, 135;
v00000218faeaa940_136 .array/port v00000218faeaa940, 136;
v00000218faeaa940_137 .array/port v00000218faeaa940, 137;
E_00000218faeb1190/34 .event anyedge, v00000218faeaa940_134, v00000218faeaa940_135, v00000218faeaa940_136, v00000218faeaa940_137;
v00000218faeaa940_138 .array/port v00000218faeaa940, 138;
v00000218faeaa940_139 .array/port v00000218faeaa940, 139;
v00000218faeaa940_140 .array/port v00000218faeaa940, 140;
v00000218faeaa940_141 .array/port v00000218faeaa940, 141;
E_00000218faeb1190/35 .event anyedge, v00000218faeaa940_138, v00000218faeaa940_139, v00000218faeaa940_140, v00000218faeaa940_141;
v00000218faeaa940_142 .array/port v00000218faeaa940, 142;
v00000218faeaa940_143 .array/port v00000218faeaa940, 143;
v00000218faeaa940_144 .array/port v00000218faeaa940, 144;
v00000218faeaa940_145 .array/port v00000218faeaa940, 145;
E_00000218faeb1190/36 .event anyedge, v00000218faeaa940_142, v00000218faeaa940_143, v00000218faeaa940_144, v00000218faeaa940_145;
v00000218faeaa940_146 .array/port v00000218faeaa940, 146;
v00000218faeaa940_147 .array/port v00000218faeaa940, 147;
v00000218faeaa940_148 .array/port v00000218faeaa940, 148;
v00000218faeaa940_149 .array/port v00000218faeaa940, 149;
E_00000218faeb1190/37 .event anyedge, v00000218faeaa940_146, v00000218faeaa940_147, v00000218faeaa940_148, v00000218faeaa940_149;
v00000218faeaa940_150 .array/port v00000218faeaa940, 150;
v00000218faeaa940_151 .array/port v00000218faeaa940, 151;
v00000218faeaa940_152 .array/port v00000218faeaa940, 152;
v00000218faeaa940_153 .array/port v00000218faeaa940, 153;
E_00000218faeb1190/38 .event anyedge, v00000218faeaa940_150, v00000218faeaa940_151, v00000218faeaa940_152, v00000218faeaa940_153;
v00000218faeaa940_154 .array/port v00000218faeaa940, 154;
v00000218faeaa940_155 .array/port v00000218faeaa940, 155;
v00000218faeaa940_156 .array/port v00000218faeaa940, 156;
v00000218faeaa940_157 .array/port v00000218faeaa940, 157;
E_00000218faeb1190/39 .event anyedge, v00000218faeaa940_154, v00000218faeaa940_155, v00000218faeaa940_156, v00000218faeaa940_157;
v00000218faeaa940_158 .array/port v00000218faeaa940, 158;
v00000218faeaa940_159 .array/port v00000218faeaa940, 159;
v00000218faeaa940_160 .array/port v00000218faeaa940, 160;
v00000218faeaa940_161 .array/port v00000218faeaa940, 161;
E_00000218faeb1190/40 .event anyedge, v00000218faeaa940_158, v00000218faeaa940_159, v00000218faeaa940_160, v00000218faeaa940_161;
v00000218faeaa940_162 .array/port v00000218faeaa940, 162;
v00000218faeaa940_163 .array/port v00000218faeaa940, 163;
v00000218faeaa940_164 .array/port v00000218faeaa940, 164;
v00000218faeaa940_165 .array/port v00000218faeaa940, 165;
E_00000218faeb1190/41 .event anyedge, v00000218faeaa940_162, v00000218faeaa940_163, v00000218faeaa940_164, v00000218faeaa940_165;
v00000218faeaa940_166 .array/port v00000218faeaa940, 166;
v00000218faeaa940_167 .array/port v00000218faeaa940, 167;
v00000218faeaa940_168 .array/port v00000218faeaa940, 168;
v00000218faeaa940_169 .array/port v00000218faeaa940, 169;
E_00000218faeb1190/42 .event anyedge, v00000218faeaa940_166, v00000218faeaa940_167, v00000218faeaa940_168, v00000218faeaa940_169;
v00000218faeaa940_170 .array/port v00000218faeaa940, 170;
v00000218faeaa940_171 .array/port v00000218faeaa940, 171;
v00000218faeaa940_172 .array/port v00000218faeaa940, 172;
v00000218faeaa940_173 .array/port v00000218faeaa940, 173;
E_00000218faeb1190/43 .event anyedge, v00000218faeaa940_170, v00000218faeaa940_171, v00000218faeaa940_172, v00000218faeaa940_173;
v00000218faeaa940_174 .array/port v00000218faeaa940, 174;
v00000218faeaa940_175 .array/port v00000218faeaa940, 175;
v00000218faeaa940_176 .array/port v00000218faeaa940, 176;
v00000218faeaa940_177 .array/port v00000218faeaa940, 177;
E_00000218faeb1190/44 .event anyedge, v00000218faeaa940_174, v00000218faeaa940_175, v00000218faeaa940_176, v00000218faeaa940_177;
v00000218faeaa940_178 .array/port v00000218faeaa940, 178;
v00000218faeaa940_179 .array/port v00000218faeaa940, 179;
v00000218faeaa940_180 .array/port v00000218faeaa940, 180;
v00000218faeaa940_181 .array/port v00000218faeaa940, 181;
E_00000218faeb1190/45 .event anyedge, v00000218faeaa940_178, v00000218faeaa940_179, v00000218faeaa940_180, v00000218faeaa940_181;
v00000218faeaa940_182 .array/port v00000218faeaa940, 182;
v00000218faeaa940_183 .array/port v00000218faeaa940, 183;
v00000218faeaa940_184 .array/port v00000218faeaa940, 184;
v00000218faeaa940_185 .array/port v00000218faeaa940, 185;
E_00000218faeb1190/46 .event anyedge, v00000218faeaa940_182, v00000218faeaa940_183, v00000218faeaa940_184, v00000218faeaa940_185;
v00000218faeaa940_186 .array/port v00000218faeaa940, 186;
v00000218faeaa940_187 .array/port v00000218faeaa940, 187;
v00000218faeaa940_188 .array/port v00000218faeaa940, 188;
v00000218faeaa940_189 .array/port v00000218faeaa940, 189;
E_00000218faeb1190/47 .event anyedge, v00000218faeaa940_186, v00000218faeaa940_187, v00000218faeaa940_188, v00000218faeaa940_189;
v00000218faeaa940_190 .array/port v00000218faeaa940, 190;
v00000218faeaa940_191 .array/port v00000218faeaa940, 191;
v00000218faeaa940_192 .array/port v00000218faeaa940, 192;
v00000218faeaa940_193 .array/port v00000218faeaa940, 193;
E_00000218faeb1190/48 .event anyedge, v00000218faeaa940_190, v00000218faeaa940_191, v00000218faeaa940_192, v00000218faeaa940_193;
v00000218faeaa940_194 .array/port v00000218faeaa940, 194;
v00000218faeaa940_195 .array/port v00000218faeaa940, 195;
v00000218faeaa940_196 .array/port v00000218faeaa940, 196;
v00000218faeaa940_197 .array/port v00000218faeaa940, 197;
E_00000218faeb1190/49 .event anyedge, v00000218faeaa940_194, v00000218faeaa940_195, v00000218faeaa940_196, v00000218faeaa940_197;
v00000218faeaa940_198 .array/port v00000218faeaa940, 198;
v00000218faeaa940_199 .array/port v00000218faeaa940, 199;
v00000218faeaa940_200 .array/port v00000218faeaa940, 200;
v00000218faeaa940_201 .array/port v00000218faeaa940, 201;
E_00000218faeb1190/50 .event anyedge, v00000218faeaa940_198, v00000218faeaa940_199, v00000218faeaa940_200, v00000218faeaa940_201;
v00000218faeaa940_202 .array/port v00000218faeaa940, 202;
v00000218faeaa940_203 .array/port v00000218faeaa940, 203;
v00000218faeaa940_204 .array/port v00000218faeaa940, 204;
v00000218faeaa940_205 .array/port v00000218faeaa940, 205;
E_00000218faeb1190/51 .event anyedge, v00000218faeaa940_202, v00000218faeaa940_203, v00000218faeaa940_204, v00000218faeaa940_205;
v00000218faeaa940_206 .array/port v00000218faeaa940, 206;
v00000218faeaa940_207 .array/port v00000218faeaa940, 207;
v00000218faeaa940_208 .array/port v00000218faeaa940, 208;
v00000218faeaa940_209 .array/port v00000218faeaa940, 209;
E_00000218faeb1190/52 .event anyedge, v00000218faeaa940_206, v00000218faeaa940_207, v00000218faeaa940_208, v00000218faeaa940_209;
v00000218faeaa940_210 .array/port v00000218faeaa940, 210;
v00000218faeaa940_211 .array/port v00000218faeaa940, 211;
v00000218faeaa940_212 .array/port v00000218faeaa940, 212;
v00000218faeaa940_213 .array/port v00000218faeaa940, 213;
E_00000218faeb1190/53 .event anyedge, v00000218faeaa940_210, v00000218faeaa940_211, v00000218faeaa940_212, v00000218faeaa940_213;
v00000218faeaa940_214 .array/port v00000218faeaa940, 214;
v00000218faeaa940_215 .array/port v00000218faeaa940, 215;
v00000218faeaa940_216 .array/port v00000218faeaa940, 216;
v00000218faeaa940_217 .array/port v00000218faeaa940, 217;
E_00000218faeb1190/54 .event anyedge, v00000218faeaa940_214, v00000218faeaa940_215, v00000218faeaa940_216, v00000218faeaa940_217;
v00000218faeaa940_218 .array/port v00000218faeaa940, 218;
v00000218faeaa940_219 .array/port v00000218faeaa940, 219;
v00000218faeaa940_220 .array/port v00000218faeaa940, 220;
v00000218faeaa940_221 .array/port v00000218faeaa940, 221;
E_00000218faeb1190/55 .event anyedge, v00000218faeaa940_218, v00000218faeaa940_219, v00000218faeaa940_220, v00000218faeaa940_221;
v00000218faeaa940_222 .array/port v00000218faeaa940, 222;
v00000218faeaa940_223 .array/port v00000218faeaa940, 223;
v00000218faeaa940_224 .array/port v00000218faeaa940, 224;
v00000218faeaa940_225 .array/port v00000218faeaa940, 225;
E_00000218faeb1190/56 .event anyedge, v00000218faeaa940_222, v00000218faeaa940_223, v00000218faeaa940_224, v00000218faeaa940_225;
v00000218faeaa940_226 .array/port v00000218faeaa940, 226;
v00000218faeaa940_227 .array/port v00000218faeaa940, 227;
v00000218faeaa940_228 .array/port v00000218faeaa940, 228;
v00000218faeaa940_229 .array/port v00000218faeaa940, 229;
E_00000218faeb1190/57 .event anyedge, v00000218faeaa940_226, v00000218faeaa940_227, v00000218faeaa940_228, v00000218faeaa940_229;
v00000218faeaa940_230 .array/port v00000218faeaa940, 230;
v00000218faeaa940_231 .array/port v00000218faeaa940, 231;
v00000218faeaa940_232 .array/port v00000218faeaa940, 232;
v00000218faeaa940_233 .array/port v00000218faeaa940, 233;
E_00000218faeb1190/58 .event anyedge, v00000218faeaa940_230, v00000218faeaa940_231, v00000218faeaa940_232, v00000218faeaa940_233;
v00000218faeaa940_234 .array/port v00000218faeaa940, 234;
v00000218faeaa940_235 .array/port v00000218faeaa940, 235;
v00000218faeaa940_236 .array/port v00000218faeaa940, 236;
v00000218faeaa940_237 .array/port v00000218faeaa940, 237;
E_00000218faeb1190/59 .event anyedge, v00000218faeaa940_234, v00000218faeaa940_235, v00000218faeaa940_236, v00000218faeaa940_237;
v00000218faeaa940_238 .array/port v00000218faeaa940, 238;
v00000218faeaa940_239 .array/port v00000218faeaa940, 239;
v00000218faeaa940_240 .array/port v00000218faeaa940, 240;
v00000218faeaa940_241 .array/port v00000218faeaa940, 241;
E_00000218faeb1190/60 .event anyedge, v00000218faeaa940_238, v00000218faeaa940_239, v00000218faeaa940_240, v00000218faeaa940_241;
v00000218faeaa940_242 .array/port v00000218faeaa940, 242;
v00000218faeaa940_243 .array/port v00000218faeaa940, 243;
v00000218faeaa940_244 .array/port v00000218faeaa940, 244;
v00000218faeaa940_245 .array/port v00000218faeaa940, 245;
E_00000218faeb1190/61 .event anyedge, v00000218faeaa940_242, v00000218faeaa940_243, v00000218faeaa940_244, v00000218faeaa940_245;
v00000218faeaa940_246 .array/port v00000218faeaa940, 246;
v00000218faeaa940_247 .array/port v00000218faeaa940, 247;
v00000218faeaa940_248 .array/port v00000218faeaa940, 248;
v00000218faeaa940_249 .array/port v00000218faeaa940, 249;
E_00000218faeb1190/62 .event anyedge, v00000218faeaa940_246, v00000218faeaa940_247, v00000218faeaa940_248, v00000218faeaa940_249;
v00000218faeaa940_250 .array/port v00000218faeaa940, 250;
v00000218faeaa940_251 .array/port v00000218faeaa940, 251;
v00000218faeaa940_252 .array/port v00000218faeaa940, 252;
v00000218faeaa940_253 .array/port v00000218faeaa940, 253;
E_00000218faeb1190/63 .event anyedge, v00000218faeaa940_250, v00000218faeaa940_251, v00000218faeaa940_252, v00000218faeaa940_253;
v00000218faeaa940_254 .array/port v00000218faeaa940, 254;
v00000218faeaa940_255 .array/port v00000218faeaa940, 255;
E_00000218faeb1190/64 .event anyedge, v00000218faeaa940_254, v00000218faeaa940_255;
E_00000218faeb1190 .event/or E_00000218faeb1190/0, E_00000218faeb1190/1, E_00000218faeb1190/2, E_00000218faeb1190/3, E_00000218faeb1190/4, E_00000218faeb1190/5, E_00000218faeb1190/6, E_00000218faeb1190/7, E_00000218faeb1190/8, E_00000218faeb1190/9, E_00000218faeb1190/10, E_00000218faeb1190/11, E_00000218faeb1190/12, E_00000218faeb1190/13, E_00000218faeb1190/14, E_00000218faeb1190/15, E_00000218faeb1190/16, E_00000218faeb1190/17, E_00000218faeb1190/18, E_00000218faeb1190/19, E_00000218faeb1190/20, E_00000218faeb1190/21, E_00000218faeb1190/22, E_00000218faeb1190/23, E_00000218faeb1190/24, E_00000218faeb1190/25, E_00000218faeb1190/26, E_00000218faeb1190/27, E_00000218faeb1190/28, E_00000218faeb1190/29, E_00000218faeb1190/30, E_00000218faeb1190/31, E_00000218faeb1190/32, E_00000218faeb1190/33, E_00000218faeb1190/34, E_00000218faeb1190/35, E_00000218faeb1190/36, E_00000218faeb1190/37, E_00000218faeb1190/38, E_00000218faeb1190/39, E_00000218faeb1190/40, E_00000218faeb1190/41, E_00000218faeb1190/42, E_00000218faeb1190/43, E_00000218faeb1190/44, E_00000218faeb1190/45, E_00000218faeb1190/46, E_00000218faeb1190/47, E_00000218faeb1190/48, E_00000218faeb1190/49, E_00000218faeb1190/50, E_00000218faeb1190/51, E_00000218faeb1190/52, E_00000218faeb1190/53, E_00000218faeb1190/54, E_00000218faeb1190/55, E_00000218faeb1190/56, E_00000218faeb1190/57, E_00000218faeb1190/58, E_00000218faeb1190/59, E_00000218faeb1190/60, E_00000218faeb1190/61, E_00000218faeb1190/62, E_00000218faeb1190/63, E_00000218faeb1190/64;
E_00000218faeb1e10 .event posedge, v00000218faeabd40_0;
S_00000218fae24cb0 .scope module, "MI" "mux2x1" 5 86, 10 3 0, S_00000218fae0ac50;
 .timescale -9 -12;
    .port_info 0 /INPUT 8 "mem_in";
    .port_info 1 /INPUT 8 "alu_in";
    .port_info 2 /INPUT 1 "memtoreg_sel";
    .port_info 3 /OUTPUT 8 "mux_out";
v00000218faeab480_0 .net "alu_in", 7 0, v00000218faf29bc0_0;  alias, 1 drivers
v00000218faeaada0_0 .net "mem_in", 7 0, v00000218faf28010_0;  alias, 1 drivers
v00000218fae9a7a0_0 .net "memtoreg_sel", 0 0, v00000218faf27a70_0;  alias, 1 drivers
v00000218fae99ee0_0 .net "mux_out", 7 0, L_00000218faf2ee00;  alias, 1 drivers
L_00000218faf2ee00 .functor MUXZ 8, v00000218faf28010_0, v00000218faf29bc0_0, v00000218faf27a70_0, C4<>;
S_00000218fae21ea0 .scope module, "MU" "mux2x1" 5 97, 10 3 0, S_00000218fae0ac50;
 .timescale -9 -12;
    .port_info 0 /INPUT 8 "mem_in";
    .port_info 1 /INPUT 8 "alu_in";
    .port_info 2 /INPUT 1 "memtoreg_sel";
    .port_info 3 /OUTPUT 8 "mux_out";
v00000218fae99f80_0 .net "alu_in", 7 0, v00000218faf2b4c0_0;  alias, 1 drivers
v00000218fae9a2a0_0 .net "mem_in", 7 0, v00000218faf2b740_0;  alias, 1 drivers
v00000218faf24b90_0 .net "memtoreg_sel", 0 0, v00000218faf2ade0_0;  alias, 1 drivers
v00000218faf25590_0 .net "mux_out", 7 0, L_00000218faf791e0;  alias, 1 drivers
L_00000218faf791e0 .functor MUXZ 8, v00000218faf2b740_0, v00000218faf2b4c0_0, v00000218faf2ade0_0, C4<>;
S_00000218fae22030 .scope module, "RF" "RegFile" 5 82, 11 37 0, S_00000218fae0ac50;
 .timescale -9 -9;
    .port_info 0 /INPUT 3 "RA";
    .port_info 1 /INPUT 3 "RB";
    .port_info 2 /INPUT 3 "RDo";
    .port_info 3 /INPUT 1 "RegWrite";
    .port_info 4 /OUTPUT 8 "A";
    .port_info 5 /OUTPUT 8 "B";
    .port_info 6 /INPUT 1 "clk";
    .port_info 7 /INPUT 8 "Mem_to_Reg";
v00000218faf265d0_0 .var "A", 7 0;
v00000218faf24910_0 .var "B", 7 0;
v00000218faf258b0_0 .net "Mem_to_Reg", 7 0, L_00000218faf791e0;  alias, 1 drivers
v00000218faf24a50_0 .net "RA", 2 0, v00000218faf28d30_0;  alias, 1 drivers
v00000218faf26490_0 .net "RB", 2 0, v00000218faf28650_0;  alias, 1 drivers
v00000218faf25450_0 .net "RDo", 2 0, v00000218faf29a80_0;  alias, 1 drivers
v00000218faf25d10 .array "RegFile", 0 7, 7 0;
v00000218faf25c70_0 .net "RegWrite", 0 0, v00000218faf2b420_0;  alias, 1 drivers
v00000218faf253b0_0 .net "clk", 0 0, v00000218faeabd40_0;  alias, 1 drivers
v00000218faf25d10_0 .array/port v00000218faf25d10, 0;
v00000218faf25d10_1 .array/port v00000218faf25d10, 1;
v00000218faf25d10_2 .array/port v00000218faf25d10, 2;
E_00000218faeb1ad0/0 .event anyedge, v00000218faf24a50_0, v00000218faf25d10_0, v00000218faf25d10_1, v00000218faf25d10_2;
v00000218faf25d10_3 .array/port v00000218faf25d10, 3;
v00000218faf25d10_4 .array/port v00000218faf25d10, 4;
v00000218faf25d10_5 .array/port v00000218faf25d10, 5;
v00000218faf25d10_6 .array/port v00000218faf25d10, 6;
E_00000218faeb1ad0/1 .event anyedge, v00000218faf25d10_3, v00000218faf25d10_4, v00000218faf25d10_5, v00000218faf25d10_6;
v00000218faf25d10_7 .array/port v00000218faf25d10, 7;
E_00000218faeb1ad0/2 .event anyedge, v00000218faf25d10_7, v00000218faf26490_0;
E_00000218faeb1ad0 .event/or E_00000218faeb1ad0/0, E_00000218faeb1ad0/1, E_00000218faeb1ad0/2;
S_00000218fae221c0 .scope module, "Rmux" "regfile_mux" 5 81, 12 3 0, S_00000218fae0ac50;
 .timescale -9 -12;
    .port_info 0 /INPUT 3 "RB";
    .port_info 1 /INPUT 3 "RDi";
    .port_info 2 /INPUT 1 "RegDst";
    .port_info 3 /OUTPUT 3 "RDo";
v00000218faf24f50_0 .net "RB", 2 0, v00000218faf28650_0;  alias, 1 drivers
v00000218faf25270_0 .net "RDi", 2 0, v00000218faf285b0_0;  alias, 1 drivers
v00000218faf25630_0 .var "RDo", 2 0;
v00000218faf256d0_0 .net "RegDst", 0 0, v00000218faf27d90_0;  alias, 1 drivers
E_00000218faeb1b90 .event anyedge, v00000218faf256d0_0, v00000218faf26490_0, v00000218faf25270_0;
S_00000218fadad620 .scope module, "SE" "SignExtender" 5 77, 13 3 0, S_00000218fae0ac50;
 .timescale -9 -12;
    .port_info 0 /INPUT 7 "Imm7";
    .port_info 1 /OUTPUT 8 "Imm8";
v00000218faf25310_0 .net "Imm7", 6 0, L_00000218faf2eae0;  alias, 1 drivers
v00000218faf25bd0_0 .net "Imm8", 7 0, L_00000218faf2ed60;  alias, 1 drivers
L_00000218faf2f918 .functor BUFT 1, C4<0>, C4<0>, C4<0>, C4<0>;
v00000218faf26030_0 .net/2u *"_ivl_0", 0 0, L_00000218faf2f918;  1 drivers
L_00000218faf2ed60 .concat [ 7 1 0 0], L_00000218faf2eae0, L_00000218faf2f918;
S_00000218fadad7b0 .scope module, "a1" "adder" 5 69, 14 1 0, S_00000218fae0ac50;
 .timescale -9 -12;
    .port_info 0 /INPUT 8 "in1";
    .port_info 1 /INPUT 8 "in2";
    .port_info 2 /OUTPUT 8 "out";
v00000218faf26350_0 .net "in1", 7 0, v00000218faf2cb70_0;  alias, 1 drivers
L_00000218faf2f888 .functor BUFT 1, C4<00000001>, C4<0>, C4<0>, C4<0>;
v00000218faf25950_0 .net "in2", 7 0, L_00000218faf2f888;  1 drivers
v00000218faf25810_0 .net "out", 7 0, L_00000218faf2f620;  alias, 1 drivers
L_00000218faf2f620 .arith/sum 8, v00000218faf2cb70_0, L_00000218faf2f888;
S_00000218fadad940 .scope module, "a2" "adder" 5 70, 14 1 0, S_00000218fae0ac50;
 .timescale -9 -12;
    .port_info 0 /INPUT 8 "in1";
    .port_info 1 /INPUT 8 "in2";
    .port_info 2 /OUTPUT 8 "out";
v00000218faf254f0_0 .net "in1", 7 0, L_00000218faf2ed60;  alias, 1 drivers
v00000218faf263f0_0 .net "in2", 7 0, L_00000218faf2f620;  alias, 1 drivers
v00000218faf25db0_0 .net "out", 7 0, L_00000218faf2f760;  alias, 1 drivers
L_00000218faf2f760 .arith/sum 8, L_00000218faf2ed60, L_00000218faf2f620;
S_00000218faf27050 .scope module, "cp" "controlpath" 5 54, 15 1 0, S_00000218fae0ac50;
 .timescale -9 -9;
    .port_info 0 /INPUT 5 "OpFn";
    .port_info 1 /INPUT 1 "clk";
    .port_info 2 /OUTPUT 1 "NIA";
    .port_info 3 /OUTPUT 1 "RegDst";
    .port_info 4 /OUTPUT 1 "RegWrite";
    .port_info 5 /OUTPUT 1 "ALUSrc";
    .port_info 6 /OUTPUT 3 "ALUFn";
    .port_info 7 /OUTPUT 1 "MemWrite";
    .port_info 8 /OUTPUT 1 "MemRead";
    .port_info 9 /OUTPUT 1 "MemToReg";
v00000218faf259f0_0 .var "ALUFn", 2 0;
v00000218faf24eb0_0 .var "ALUSrc", 0 0;
v00000218faf24c30_0 .var "MemRead", 0 0;
v00000218faf26670_0 .var "MemToReg", 0 0;
v00000218faf26530_0 .var "MemWrite", 0 0;
v00000218faf26210_0 .var "NIA", 0 0;
v00000218faf24870_0 .net "OpFn", 4 0, v00000218faeac060_0;  alias, 1 drivers
v00000218faf24af0_0 .var "RegDst", 0 0;
v00000218faf26710_0 .var "RegWrite", 0 0;
v00000218faf25130_0 .net "clk", 0 0, v00000218faeabd40_0;  alias, 1 drivers
E_00000218faeb1810 .event anyedge, v00000218faeac060_0;
S_00000218faf26880 .scope module, "l1" "L1" 5 78, 16 3 0, S_00000218fae0ac50;
 .timescale -9 -12;
    .port_info 0 /INPUT 1 "clk1";
    .port_info 1 /INPUT 3 "Ra";
    .port_info 2 /INPUT 3 "Rb";
    .port_info 3 /INPUT 3 "Rd";
    .port_info 4 /INPUT 8 "SignExtendedImm";
    .port_info 5 /INPUT 8 "m1";
    .port_info 6 /INPUT 8 "m2";
    .port_info 7 /INPUT 1 "RegDst";
    .port_info 8 /INPUT 1 "RegWrite";
    .port_info 9 /INPUT 1 "ALUSrc";
    .port_info 10 /INPUT 3 "ALUFn";
    .port_info 11 /INPUT 1 "MemWrite";
    .port_info 12 /INPUT 1 "MemRead";
    .port_info 13 /INPUT 1 "MemtoReg";
    .port_info 14 /OUTPUT 3 "Raout";
    .port_info 15 /OUTPUT 3 "Rbout";
    .port_info 16 /OUTPUT 3 "Rdout";
    .port_info 17 /OUTPUT 8 "immout";
    .port_info 18 /OUTPUT 8 "m1out";
    .port_info 19 /OUTPUT 8 "m2out";
    .port_info 20 /OUTPUT 1 "regdstout";
    .port_info 21 /OUTPUT 1 "regwriteout";
    .port_info 22 /OUTPUT 1 "alusrcout";
    .port_info 23 /OUTPUT 3 "alufnout";
    .port_info 24 /OUTPUT 1 "memwriteout";
    .port_info 25 /OUTPUT 1 "memreadout";
    .port_info 26 /OUTPUT 1 "memtoregout";
v00000218faf249b0_0 .net "ALUFn", 2 0, v00000218faf259f0_0;  alias, 1 drivers
v00000218faf25a90_0 .net "ALUSrc", 0 0, v00000218faf24eb0_0;  alias, 1 drivers
v00000218faf24cd0_0 .var "L1_ALUFn", 2 0;
v00000218faf260d0_0 .var "L1_ALUSrc", 0 0;
v00000218faf24d70_0 .var "L1_MemRead", 0 0;
v00000218faf24e10_0 .var "L1_MemWrite", 0 0;
v00000218faf24ff0_0 .var "L1_MemtoReg", 0 0;
v00000218faf251d0_0 .var "L1_Ra", 2 0;
v00000218faf26170_0 .var "L1_Rb", 2 0;
v00000218faf25f90_0 .var "L1_Rd", 2 0;
v00000218faf25770_0 .var "L1_RegDst", 0 0;
v00000218faf25b30_0 .var "L1_RegWrite", 0 0;
v00000218faf25e50_0 .var "L1_SignExtendedImm", 7 0;
v00000218faf25090_0 .var "L1_m1", 7 0;
v00000218faf25ef0_0 .var "L1_m2", 7 0;
v00000218faf262b0_0 .net "MemRead", 0 0, v00000218faf24c30_0;  alias, 1 drivers
v00000218faf28970_0 .net "MemWrite", 0 0, v00000218faf26530_0;  alias, 1 drivers
v00000218faf28fb0_0 .net "MemtoReg", 0 0, v00000218faf26670_0;  alias, 1 drivers
v00000218faf28150_0 .net "Ra", 2 0, L_00000218faf2d8c0;  alias, 1 drivers
v00000218faf28d30_0 .var "Raout", 2 0;
v00000218faf28ab0_0 .net "Rb", 2 0, L_00000218faf2de60;  alias, 1 drivers
v00000218faf28650_0 .var "Rbout", 2 0;
v00000218faf283d0_0 .net "Rd", 2 0, L_00000218faf2df00;  alias, 1 drivers
v00000218faf285b0_0 .var "Rdout", 2 0;
v00000218faf286f0_0 .net "RegDst", 0 0, v00000218faf24af0_0;  alias, 1 drivers
v00000218faf27b10_0 .net "RegWrite", 0 0, v00000218faf26710_0;  alias, 1 drivers
v00000218faf27bb0_0 .net "SignExtendedImm", 7 0, L_00000218faf2ed60;  alias, 1 drivers
v00000218faf288d0_0 .var "alufnout", 2 0;
v00000218faf28f10_0 .var "alusrcout", 0 0;
v00000218faf28b50_0 .net "clk1", 0 0, v00000218faeabd40_0;  alias, 1 drivers
v00000218faf28790_0 .var "immout", 7 0;
v00000218faf290f0_0 .net "m1", 7 0, L_00000218faf2f620;  alias, 1 drivers
v00000218faf28510_0 .var "m1out", 7 0;
v00000218faf29690_0 .net "m2", 7 0, L_00000218faf2f760;  alias, 1 drivers
v00000218faf281f0_0 .var "m2out", 7 0;
v00000218faf28470_0 .var "memreadout", 0 0;
v00000218faf28290_0 .var "memtoregout", 0 0;
v00000218faf28a10_0 .var "memwriteout", 0 0;
v00000218faf27d90_0 .var "regdstout", 0 0;
v00000218faf28e70_0 .var "regwriteout", 0 0;
E_00000218faeb11d0/0 .event anyedge, v00000218faeac2e0_0, v00000218faeab200_0, v00000218faeaba20_0, v00000218faf25bd0_0;
E_00000218faeb11d0/1 .event anyedge, v00000218faf25810_0, v00000218faf25db0_0, v00000218faf24af0_0, v00000218faf26710_0;
E_00000218faeb11d0/2 .event anyedge, v00000218faf24eb0_0, v00000218faf259f0_0, v00000218faf26530_0, v00000218faf24c30_0;
E_00000218faeb11d0/3 .event anyedge, v00000218faf26670_0;
E_00000218faeb11d0 .event/or E_00000218faeb11d0/0, E_00000218faeb11d0/1, E_00000218faeb11d0/2, E_00000218faeb11d0/3;
S_00000218faf27370 .scope module, "l2" "L2" 5 83, 17 3 0, S_00000218fae0ac50;
 .timescale -9 -12;
    .port_info 0 /INPUT 1 "clk2";
    .port_info 1 /INPUT 8 "L1_m1";
    .port_info 2 /INPUT 8 "L1_m2";
    .port_info 3 /INPUT 8 "L1_SignExtendedImm";
    .port_info 4 /INPUT 8 "L1_A";
    .port_info 5 /INPUT 8 "L1_B";
    .port_info 6 /INPUT 1 "L1_ALUSrc";
    .port_info 7 /INPUT 3 "L1_ALUFn";
    .port_info 8 /INPUT 1 "L1_MemWrite";
    .port_info 9 /INPUT 1 "L1_MemRead";
    .port_info 10 /INPUT 1 "L1_MemtoReg";
    .port_info 11 /INPUT 1 "L1_RegWrite";
    .port_info 12 /INPUT 3 "L1_regwradd";
    .port_info 13 /OUTPUT 1 "ALUSrcout";
    .port_info 14 /OUTPUT 3 "ALUFnout";
    .port_info 15 /OUTPUT 1 "memwriteout";
    .port_info 16 /OUTPUT 1 "memreadout";
    .port_info 17 /OUTPUT 1 "memtoregout";
    .port_info 18 /OUTPUT 1 "regwriteout";
    .port_info 19 /OUTPUT 3 "regwradd";
    .port_info 20 /OUTPUT 8 "immout";
    .port_info 21 /OUTPUT 8 "Aout";
    .port_info 22 /OUTPUT 8 "Bout";
    .port_info 23 /OUTPUT 8 "m1out";
    .port_info 24 /OUTPUT 8 "m2out";
v00000218faf29050_0 .var "ALUFnout", 2 0;
v00000218faf27a70_0 .var "ALUSrcout", 0 0;
v00000218faf27e30_0 .var "Aout", 7 0;
v00000218faf28010_0 .var "Bout", 7 0;
v00000218faf28bf0_0 .net "L1_A", 7 0, v00000218faf265d0_0;  alias, 1 drivers
v00000218faf28830_0 .net "L1_ALUFn", 2 0, v00000218faf288d0_0;  alias, 1 drivers
v00000218faf28c90_0 .net "L1_ALUSrc", 0 0, v00000218faf28f10_0;  alias, 1 drivers
v00000218faf27c50_0 .net "L1_B", 7 0, v00000218faf24910_0;  alias, 1 drivers
v00000218faf292d0_0 .net "L1_MemRead", 0 0, v00000218faf28470_0;  alias, 1 drivers
v00000218faf27890_0 .net "L1_MemWrite", 0 0, v00000218faf28a10_0;  alias, 1 drivers
v00000218faf27cf0_0 .net "L1_MemtoReg", 0 0, v00000218faf28290_0;  alias, 1 drivers
v00000218faf27ed0_0 .net "L1_RegWrite", 0 0, v00000218faf28e70_0;  alias, 1 drivers
v00000218faf280b0_0 .net "L1_SignExtendedImm", 7 0, v00000218faf28790_0;  alias, 1 drivers
v00000218faf29730_0 .net "L1_m1", 7 0, v00000218faf28510_0;  alias, 1 drivers
v00000218faf28dd0_0 .net "L1_m2", 7 0, v00000218faf281f0_0;  alias, 1 drivers
v00000218faf29190_0 .net "L1_regwradd", 2 0, v00000218faf25630_0;  alias, 1 drivers
v00000218faf29230_0 .var "L2_A", 7 0;
v00000218faf29370_0 .var "L2_ALUFn", 2 0;
v00000218faf29410_0 .var "L2_ALUSrc", 0 0;
v00000218faf27930_0 .var "L2_B", 7 0;
v00000218faf294b0_0 .var "L2_MemRead", 0 0;
v00000218faf29550_0 .var "L2_MemWrite", 0 0;
v00000218faf295f0_0 .var "L2_MemtoReg", 0 0;
v00000218faf27f70_0 .var "L2_RegWrite", 0 0;
v00000218faf279d0_0 .var "L2_SignExtendedImm", 7 0;
v00000218faf28330_0 .var "L2_m1", 7 0;
v00000218faf2a480_0 .var "L2_m2", 7 0;
v00000218faf29e40_0 .var "L2_regwradd", 2 0;
v00000218faf2a160_0 .net "clk2", 0 0, v00000218faeabd40_0;  alias, 1 drivers
v00000218faf29bc0_0 .var "immout", 7 0;
v00000218faf2a340_0 .var "m1out", 7 0;
v00000218faf298a0_0 .var "m2out", 7 0;
v00000218faf2ae80_0 .var "memreadout", 0 0;
v00000218faf29f80_0 .var "memtoregout", 0 0;
v00000218faf299e0_0 .var "memwriteout", 0 0;
v00000218faf2a660_0 .var "regwradd", 2 0;
v00000218faf29c60_0 .var "regwriteout", 0 0;
E_00000218faeb1bd0/0 .event anyedge, v00000218faf28790_0, v00000218faf265d0_0, v00000218faf24910_0, v00000218faf28510_0;
E_00000218faeb1bd0/1 .event anyedge, v00000218faf281f0_0, v00000218faf28f10_0, v00000218faf288d0_0, v00000218faf28a10_0;
E_00000218faeb1bd0/2 .event anyedge, v00000218faf28470_0, v00000218faf28290_0, v00000218faf28e70_0, v00000218faf25630_0;
E_00000218faeb1bd0 .event/or E_00000218faeb1bd0/0, E_00000218faeb1bd0/1, E_00000218faeb1bd0/2;
S_00000218faf271e0 .scope module, "l3" "L3" 5 89, 18 3 0, S_00000218fae0ac50;
 .timescale -9 -12;
    .port_info 0 /INPUT 1 "clk1";
    .port_info 1 /INPUT 8 "L2_B";
    .port_info 2 /INPUT 8 "L2_alu_out";
    .port_info 3 /INPUT 1 "L2_MemWrite";
    .port_info 4 /INPUT 1 "L2_MemRead";
    .port_info 5 /INPUT 1 "L2_MemtoReg";
    .port_info 6 /INPUT 1 "L2_RegWrite";
    .port_info 7 /INPUT 3 "L2_regwradd";
    .port_info 8 /INPUT 8 "l2m2out";
    .port_info 9 /OUTPUT 8 "Bout";
    .port_info 10 /OUTPUT 8 "alu_outout";
    .port_info 11 /OUTPUT 1 "memwriteout";
    .port_info 12 /OUTPUT 1 "memreadout";
    .port_info 13 /OUTPUT 1 "memtoregout";
    .port_info 14 /OUTPUT 1 "regwriteout";
    .port_info 15 /OUTPUT 3 "regwradd";
    .port_info 16 /OUTPUT 8 "l3m2out";
v00000218faf2af20_0 .var "Bout", 7 0;
v00000218faf29d00_0 .net "L2_B", 7 0, v00000218faf28010_0;  alias, 1 drivers
v00000218faf2a700_0 .net "L2_MemRead", 0 0, v00000218faf2ae80_0;  alias, 1 drivers
v00000218faf2a5c0_0 .net "L2_MemWrite", 0 0, v00000218faf299e0_0;  alias, 1 drivers
v00000218faf2afc0_0 .net "L2_MemtoReg", 0 0, v00000218faf29f80_0;  alias, 1 drivers
v00000218faf2a520_0 .net "L2_RegWrite", 0 0, v00000218faf29c60_0;  alias, 1 drivers
v00000218faf2a3e0_0 .net "L2_alu_out", 7 0, v00000218faeab340_0;  alias, 1 drivers
v00000218faf2ac00_0 .net "L2_regwradd", 2 0, v00000218faf2a660_0;  alias, 1 drivers
v00000218faf29ee0_0 .var "L3_B", 7 0;
v00000218faf2a7a0_0 .var "L3_MemRead", 0 0;
v00000218faf2b1a0_0 .var "L3_MemWrite", 0 0;
v00000218faf2b060_0 .var "L3_MemtoReg", 0 0;
v00000218faf2a200_0 .var "L3_RegWrite", 0 0;
v00000218faf29940_0 .var "L3_alu_out", 7 0;
v00000218faf29b20_0 .var "L3_regwradd", 2 0;
v00000218faf2b240_0 .var "alu_outout", 7 0;
v00000218faf2b100_0 .var "blatch", 7 0;
v00000218faf29da0_0 .net "clk1", 0 0, v00000218faeabd40_0;  alias, 1 drivers
v00000218faf2aca0_0 .net "l2m2out", 7 0, v00000218faf298a0_0;  alias, 1 drivers
v00000218faf2b2e0_0 .var "l3m2out", 7 0;
v00000218faf2b380_0 .var "memreadout", 0 0;
v00000218faf2a020_0 .var "memtoregout", 0 0;
v00000218faf2a0c0_0 .var "memwriteout", 0 0;
v00000218faf29a80_0 .var "regwradd", 2 0;
v00000218faf2aa20_0 .var "regwriteout", 0 0;
E_00000218faeb1b10/0 .event anyedge, v00000218faeaada0_0, v00000218faeab340_0, v00000218faf299e0_0, v00000218faf2ae80_0;
E_00000218faeb1b10/1 .event anyedge, v00000218faf29f80_0, v00000218faf29c60_0, v00000218faf2a660_0, v00000218faf298a0_0;
E_00000218faeb1b10 .event/or E_00000218faeb1b10/0, E_00000218faeb1b10/1;
S_00000218faf27500 .scope module, "l4" "L4" 5 93, 19 3 0, S_00000218fae0ac50;
 .timescale -9 -9;
    .port_info 0 /OUTPUT 8 "alu_in";
    .port_info 1 /OUTPUT 8 "mem_in";
    .port_info 2 /OUTPUT 1 "MemToRegmux";
    .port_info 3 /INPUT 1 "L3_Regwrite";
    .port_info 4 /INPUT 3 "L3_regwradd";
    .port_info 5 /INPUT 8 "alu_out";
    .port_info 6 /INPUT 8 "mem_out";
    .port_info 7 /INPUT 1 "MemToReg";
    .port_info 8 /OUTPUT 1 "RegWrite";
    .port_info 9 /OUTPUT 3 "regwradd";
    .port_info 10 /INPUT 1 "clk2";
v00000218faf2a840_0 .net "L3_Regwrite", 0 0, v00000218faf2aa20_0;  alias, 1 drivers
v00000218faf2ad40_0 .net "L3_regwradd", 2 0, v00000218faf29a80_0;  alias, 1 drivers
v00000218faf2aac0_0 .var "L4_MemToReg", 0 0;
v00000218faf2a8e0_0 .var "L4_RegWrite", 0 0;
v00000218faf2a2a0_0 .var "L4_alu_out", 7 0;
v00000218faf2b560_0 .var "L4_mem_out", 7 0;
v00000218faf2a980_0 .var "L4_regwradd", 2 0;
v00000218faf2ab60_0 .net "MemToReg", 0 0, v00000218faf2a020_0;  alias, 1 drivers
v00000218faf2ade0_0 .var "MemToRegmux", 0 0;
v00000218faf2b420_0 .var "RegWrite", 0 0;
v00000218faf2b4c0_0 .var "alu_in", 7 0;
v00000218faf2b600_0 .net "alu_out", 7 0, v00000218faf2b240_0;  alias, 1 drivers
v00000218faf2b6a0_0 .net "clk2", 0 0, v00000218faeabd40_0;  alias, 1 drivers
v00000218faf2b740_0 .var "mem_in", 7 0;
v00000218faf2c710_0 .net "mem_out", 7 0, v00000218faeaaa80_0;  alias, 1 drivers
v00000218faf2b950_0 .var "regwradd", 2 0;
E_00000218faeb2050/0 .event anyedge, v00000218faeab2a0_0, v00000218faeaaa80_0, v00000218faf2a020_0, v00000218faf2aa20_0;
E_00000218faeb2050/1 .event anyedge, v00000218faf25450_0;
E_00000218faeb2050 .event/or E_00000218faeb2050/0, E_00000218faeb2050/1;
S_00000218faf27690 .scope module, "mp1" "mux2x1" 5 88, 10 3 0, S_00000218fae0ac50;
 .timescale -9 -12;
    .port_info 0 /INPUT 8 "mem_in";
    .port_info 1 /INPUT 8 "alu_in";
    .port_info 2 /INPUT 1 "memtoreg_sel";
    .port_info 3 /OUTPUT 8 "mux_out";
v00000218faf2c7b0_0 .net "alu_in", 7 0, v00000218faf298a0_0;  alias, 1 drivers
v00000218faf2d110_0 .net "mem_in", 7 0, L_00000218faf2f620;  alias, 1 drivers
v00000218faf2c530_0 .net "memtoreg_sel", 0 0, v00000218faeab700_0;  alias, 1 drivers
v00000218faf2d6b0_0 .net "mux_out", 7 0, L_00000218faf796e0;  alias, 1 drivers
L_00000218faf796e0 .functor MUXZ 8, L_00000218faf2f620, v00000218faf298a0_0, v00000218faeab700_0, C4<>;
S_00000218faf26ec0 .scope module, "mp2" "mux2x1" 5 72, 10 3 0, S_00000218fae0ac50;
 .timescale -9 -12;
    .port_info 0 /INPUT 8 "mem_in";
    .port_info 1 /INPUT 8 "alu_in";
    .port_info 2 /INPUT 1 "memtoreg_sel";
    .port_info 3 /OUTPUT 8 "mux_out";
v00000218faf2bdb0_0 .net "alu_in", 7 0, L_00000218faf796e0;  alias, 1 drivers
v00000218faf2ba90_0 .net "mem_in", 7 0, L_00000218faf2ecc0;  alias, 1 drivers
v00000218faf2cc10_0 .net "memtoreg_sel", 0 0, v00000218faf26210_0;  alias, 1 drivers
v00000218faf2c990_0 .net "mux_out", 7 0, L_00000218faf2dc80;  alias, 1 drivers
L_00000218faf2dc80 .functor MUXZ 8, L_00000218faf2ecc0, L_00000218faf796e0, v00000218faf26210_0, C4<>;
S_00000218faf26ba0 .scope module, "pc1" "pc" 5 73, 20 1 0, S_00000218fae0ac50;
 .timescale -9 -12;
    .port_info 0 /INPUT 8 "in";
    .port_info 1 /INPUT 1 "clk";
    .port_info 2 /INPUT 1 "rst";
    .port_info 3 /OUTPUT 8 "out";
v00000218faf2c350_0 .net "clk", 0 0, v00000218faeabd40_0;  alias, 1 drivers
v00000218faf2d610_0 .net "in", 7 0, L_00000218faf2dc80;  alias, 1 drivers
v00000218faf2cb70_0 .var "out", 7 0;
v00000218faf2b8b0_0 .net "rst", 0 0, v00000218faf2e9a0_0;  alias, 1 drivers
E_00000218faeb1ed0 .event posedge, v00000218faf2b8b0_0, v00000218faeabd40_0;
    .scope S_00000218fae1f090;
T_0 ;
    %wait E_00000218faeb0210;
    %load/vec4 v00000218faeab5c0_0;
    %flag_set/vec4 8;
    %jmp/0xz  T_0.0, 8;
    %pushi/vec4 0, 0, 8;
    %assign/vec4 v00000218faeabca0_0, 0;
    %jmp T_0.1;
T_0.0 ;
    %load/vec4 v00000218faeaabc0_0;
    %dup/vec4;
    %pushi/vec4 1, 0, 1;
    %cmp/u;
    %jmp/1 T_0.2, 6;
    %dup/vec4;
    %pushi/vec4 0, 0, 1;
    %cmp/u;
    %jmp/1 T_0.3, 6;
    %jmp T_0.4;
T_0.2 ;
    %load/vec4 v00000218faeac1a0_0;
    %flag_set/vec4 8;
    %jmp/0xz  T_0.5, 8;
    %load/vec4 v00000218faeaad00_0;
    %load/vec4 v00000218faeab980_0;
    %add;
    %addi 1, 0, 8;
    %assign/vec4 v00000218faeabca0_0, 0;
    %jmp T_0.6;
T_0.5 ;
    %load/vec4 v00000218faeaad00_0;
    %addi 1, 0, 8;
    %assign/vec4 v00000218faeabca0_0, 0;
T_0.6 ;
    %jmp T_0.4;
T_0.3 ;
    %load/vec4 v00000218faeab160_0;
    %assign/vec4 v00000218faeabca0_0, 0;
    %jmp T_0.4;
T_0.4 ;
    %pop/vec4 1;
    %vpi_call 3 24 "$display", "Time: %0d , add = %b ", $time, v00000218faeabca0_0 {0 0 0};
T_0.1 ;
    %jmp T_0;
    .thread T_0;
    .scope S_00000218fae1f3b0;
T_1 ;
    %pushi/vec4 0, 0, 1;
    %store/vec4 v00000218faeabd40_0, 0, 1;
    %end;
    .thread T_1;
    .scope S_00000218fae1f3b0;
T_2 ;
    %delay 1000, 0;
    %load/vec4 v00000218faeabd40_0;
    %inv;
    %store/vec4 v00000218faeabd40_0, 0, 1;
    %jmp T_2;
    .thread T_2;
    .scope S_00000218faf27050;
T_3 ;
    %wait E_00000218faeb1810;
    %load/vec4 v00000218faf24870_0;
    %parti/s 3, 2, 3;
    %dup/vec4;
    %pushi/vec4 0, 0, 3;
    %cmp/u;
    %jmp/1 T_3.0, 6;
    %dup/vec4;
    %pushi/vec4 1, 0, 3;
    %cmp/u;
    %jmp/1 T_3.1, 6;
    %dup/vec4;
    %pushi/vec4 2, 0, 3;
    %cmp/u;
    %jmp/1 T_3.2, 6;
    %dup/vec4;
    %pushi/vec4 3, 0, 3;
    %cmp/u;
    %jmp/1 T_3.3, 6;
    %dup/vec4;
    %pushi/vec4 4, 0, 3;
    %cmp/u;
    %jmp/1 T_3.4, 6;
    %dup/vec4;
    %pushi/vec4 5, 0, 3;
    %cmp/u;
    %jmp/1 T_3.5, 6;
    %jmp T_3.6;
T_3.0 ;
    %load/vec4 v00000218faf24870_0;
    %parti/s 2, 0, 2;
    %dup/vec4;
    %pushi/vec4 0, 0, 2;
    %cmp/u;
    %jmp/1 T_3.7, 6;
    %dup/vec4;
    %pushi/vec4 1, 0, 2;
    %cmp/u;
    %jmp/1 T_3.8, 6;
    %dup/vec4;
    %pushi/vec4 2, 0, 2;
    %cmp/u;
    %jmp/1 T_3.9, 6;
    %dup/vec4;
    %pushi/vec4 3, 0, 2;
    %cmp/u;
    %jmp/1 T_3.10, 6;
    %jmp T_3.11;
T_3.7 ;
    %pushi/vec4 1, 0, 1;
    %assign/vec4 v00000218faf26670_0, 0;
    %pushi/vec4 1, 0, 1;
    %assign/vec4 v00000218faf24af0_0, 0;
    %pushi/vec4 1, 0, 1;
    %assign/vec4 v00000218faf26710_0, 0;
    %pushi/vec4 0, 0, 3;
    %assign/vec4 v00000218faf259f0_0, 0;
    %pushi/vec4 0, 0, 1;
    %assign/vec4 v00000218faf24c30_0, 0;
    %pushi/vec4 0, 0, 1;
    %assign/vec4 v00000218faf26530_0, 0;
    %pushi/vec4 0, 0, 1;
    %assign/vec4 v00000218faf24eb0_0, 0;
    %pushi/vec4 1, 0, 1;
    %assign/vec4 v00000218faf26210_0, 0;
    %jmp T_3.11;
T_3.8 ;
    %pushi/vec4 1, 0, 1;
    %assign/vec4 v00000218faf26670_0, 0;
    %pushi/vec4 1, 0, 1;
    %assign/vec4 v00000218faf24af0_0, 0;
    %pushi/vec4 1, 0, 1;
    %assign/vec4 v00000218faf26710_0, 0;
    %pushi/vec4 1, 0, 3;
    %assign/vec4 v00000218faf259f0_0, 0;
    %pushi/vec4 0, 0, 1;
    %assign/vec4 v00000218faf24c30_0, 0;
    %pushi/vec4 0, 0, 1;
    %assign/vec4 v00000218faf26530_0, 0;
    %pushi/vec4 0, 0, 1;
    %assign/vec4 v00000218faf24eb0_0, 0;
    %pushi/vec4 1, 0, 1;
    %assign/vec4 v00000218faf26210_0, 0;
    %jmp T_3.11;
T_3.9 ;
    %pushi/vec4 1, 0, 1;
    %assign/vec4 v00000218faf26670_0, 0;
    %pushi/vec4 1, 0, 1;
    %assign/vec4 v00000218faf24af0_0, 0;
    %pushi/vec4 1, 0, 1;
    %assign/vec4 v00000218faf26710_0, 0;
    %pushi/vec4 2, 0, 3;
    %assign/vec4 v00000218faf259f0_0, 0;
    %pushi/vec4 0, 0, 1;
    %assign/vec4 v00000218faf24c30_0, 0;
    %pushi/vec4 0, 0, 1;
    %assign/vec4 v00000218faf26530_0, 0;
    %pushi/vec4 0, 0, 1;
    %assign/vec4 v00000218faf24eb0_0, 0;
    %pushi/vec4 1, 0, 1;
    %assign/vec4 v00000218faf26210_0, 0;
    %jmp T_3.11;
T_3.10 ;
    %pushi/vec4 1, 0, 1;
    %assign/vec4 v00000218faf26670_0, 0;
    %pushi/vec4 1, 0, 1;
    %assign/vec4 v00000218faf24af0_0, 0;
    %pushi/vec4 1, 0, 1;
    %assign/vec4 v00000218faf26710_0, 0;
    %pushi/vec4 3, 0, 3;
    %assign/vec4 v00000218faf259f0_0, 0;
    %pushi/vec4 0, 0, 1;
    %assign/vec4 v00000218faf24c30_0, 0;
    %pushi/vec4 0, 0, 1;
    %assign/vec4 v00000218faf26530_0, 0;
    %pushi/vec4 0, 0, 1;
    %assign/vec4 v00000218faf24eb0_0, 0;
    %pushi/vec4 1, 0, 1;
    %assign/vec4 v00000218faf26210_0, 0;
    %jmp T_3.11;
T_3.11 ;
    %pop/vec4 1;
    %jmp T_3.6;
T_3.1 ;
    %pushi/vec4 1, 0, 1;
    %assign/vec4 v00000218faf26670_0, 0;
    %pushi/vec4 0, 0, 1;
    %assign/vec4 v00000218faf24af0_0, 0;
    %pushi/vec4 1, 0, 1;
    %assign/vec4 v00000218faf26710_0, 0;
    %pushi/vec4 4, 0, 3;
    %assign/vec4 v00000218faf259f0_0, 0;
    %pushi/vec4 0, 0, 1;
    %assign/vec4 v00000218faf24c30_0, 0;
    %pushi/vec4 0, 0, 1;
    %assign/vec4 v00000218faf26530_0, 0;
    %pushi/vec4 1, 0, 1;
    %assign/vec4 v00000218faf24eb0_0, 0;
    %pushi/vec4 1, 0, 1;
    %assign/vec4 v00000218faf26210_0, 0;
    %jmp T_3.6;
T_3.2 ;
    %pushi/vec4 0, 0, 1;
    %assign/vec4 v00000218faf26670_0, 0;
    %pushi/vec4 0, 0, 1;
    %assign/vec4 v00000218faf24af0_0, 0;
    %pushi/vec4 1, 0, 1;
    %assign/vec4 v00000218faf26710_0, 0;
    %pushi/vec4 5, 0, 3;
    %assign/vec4 v00000218faf259f0_0, 0;
    %pushi/vec4 1, 0, 1;
    %assign/vec4 v00000218faf24c30_0, 0;
    %pushi/vec4 0, 0, 1;
    %assign/vec4 v00000218faf26530_0, 0;
    %pushi/vec4 1, 0, 1;
    %assign/vec4 v00000218faf24eb0_0, 0;
    %pushi/vec4 1, 0, 1;
    %assign/vec4 v00000218faf26210_0, 0;
    %jmp T_3.6;
T_3.3 ;
    %pushi/vec4 0, 0, 1;
    %assign/vec4 v00000218faf26670_0, 0;
    %pushi/vec4 0, 0, 1;
    %assign/vec4 v00000218faf24af0_0, 0;
    %pushi/vec4 0, 0, 1;
    %assign/vec4 v00000218faf26710_0, 0;
    %pushi/vec4 6, 0, 3;
    %assign/vec4 v00000218faf259f0_0, 0;
    %pushi/vec4 0, 0, 1;
    %assign/vec4 v00000218faf24c30_0, 0;
    %pushi/vec4 1, 0, 1;
    %assign/vec4 v00000218faf26530_0, 0;
    %pushi/vec4 1, 0, 1;
    %assign/vec4 v00000218faf24eb0_0, 0;
    %pushi/vec4 1, 0, 1;
    %assign/vec4 v00000218faf26210_0, 0;
    %jmp T_3.6;
T_3.4 ;
    %pushi/vec4 0, 0, 1;
    %assign/vec4 v00000218faf26670_0, 0;
    %pushi/vec4 0, 0, 1;
    %assign/vec4 v00000218faf24af0_0, 0;
    %pushi/vec4 0, 0, 1;
    %assign/vec4 v00000218faf26710_0, 0;
    %pushi/vec4 7, 0, 3;
    %assign/vec4 v00000218faf259f0_0, 0;
    %pushi/vec4 0, 0, 1;
    %assign/vec4 v00000218faf24c30_0, 0;
    %pushi/vec4 0, 0, 1;
    %assign/vec4 v00000218faf26530_0, 0;
    %pushi/vec4 0, 0, 1;
    %assign/vec4 v00000218faf24eb0_0, 0;
    %pushi/vec4 1, 0, 1;
    %assign/vec4 v00000218faf26210_0, 0;
    %jmp T_3.6;
T_3.5 ;
    %pushi/vec4 0, 0, 1;
    %assign/vec4 v00000218faf26670_0, 0;
    %pushi/vec4 0, 0, 1;
    %assign/vec4 v00000218faf24af0_0, 0;
    %pushi/vec4 0, 0, 1;
    %assign/vec4 v00000218faf26710_0, 0;
    %pushi/vec4 0, 0, 3;
    %assign/vec4 v00000218faf259f0_0, 0;
    %pushi/vec4 0, 0, 1;
    %assign/vec4 v00000218faf24c30_0, 0;
    %pushi/vec4 0, 0, 1;
    %assign/vec4 v00000218faf26530_0, 0;
    %pushi/vec4 0, 0, 1;
    %assign/vec4 v00000218faf24eb0_0, 0;
    %pushi/vec4 0, 0, 1;
    %assign/vec4 v00000218faf26210_0, 0;
    %jmp T_3.6;
T_3.6 ;
    %pop/vec4 1;
    %jmp T_3;
    .thread T_3, $push;
    .scope S_00000218faf26ba0;
T_4 ;
    %wait E_00000218faeb1ed0;
    %load/vec4 v00000218faf2b8b0_0;
    %flag_set/vec4 8;
    %jmp/0xz  T_4.0, 8;
    %pushi/vec4 0, 0, 8;
    %assign/vec4 v00000218faf2cb70_0, 0;
    %jmp T_4.1;
T_4.0 ;
    %load/vec4 v00000218faf2d610_0;
    %assign/vec4 v00000218faf2cb70_0, 0;
T_4.1 ;
    %jmp T_4;
    .thread T_4;
    .scope S_00000218fae24990;
T_5 ;
    %pushi/vec4 0, 0, 32;
    %store/vec4 v00000218faeac560_0, 0, 32;
T_5.0 ;
    %load/vec4 v00000218faeac560_0;
    %cmpi/s 256, 0, 32;
    %jmp/0xz T_5.1, 5;
    %ix/getv/s 4, v00000218faeac560_0;
    %load/vec4a v00000218faeac600, 4;
    %parti/s 3, 13, 5;
    %cmpi/e 0, 0, 3;
    %jmp/0xz  T_5.2, 4;
    %ix/getv/s 4, v00000218faeac560_0;
    %load/vec4a v00000218faeac600, 4;
    %parti/s 3, 6, 4;
    %store/vec4 v00000218faeaac60_0, 0, 3;
    %pushi/vec4 1, 0, 1;
    %store/vec4 v00000218faeaaf80_0, 0, 1;
    %jmp T_5.3;
T_5.2 ;
    %ix/getv/s 4, v00000218faeac560_0;
    %load/vec4a v00000218faeac600, 4;
    %parti/s 3, 13, 5;
    %cmpi/e 1, 0, 3;
    %flag_mov 8, 4;
    %ix/getv/s 4, v00000218faeac560_0;
    %load/vec4a v00000218faeac600, 4;
    %parti/s 3, 13, 5;
    %cmpi/e 2, 0, 3;
    %flag_or 4, 8;
    %jmp/0xz  T_5.4, 4;
    %ix/getv/s 4, v00000218faeac560_0;
    %load/vec4a v00000218faeac600, 4;
    %parti/s 3, 0, 2;
    %store/vec4 v00000218faeaac60_0, 0, 3;
    %pushi/vec4 1, 0, 1;
    %store/vec4 v00000218faeaaf80_0, 0, 1;
    %jmp T_5.5;
T_5.4 ;
    %pushi/vec4 0, 0, 1;
    %store/vec4 v00000218faeaaf80_0, 0, 1;
T_5.5 ;
T_5.3 ;
    %delay 1000, 0;
    %ix/getv/s 4, v00000218faeac560_0;
    %load/vec4a v00000218faeac600, 4;
    %parti/s 3, 13, 5;
    %cmpi/e 4, 0, 3;
    %jmp/0xz  T_5.6, 4;
    %pushi/vec4 255, 0, 32;
    %store/vec4 v00000218faeab840_0, 0, 32;
T_5.8 ;
    %load/vec4 v00000218faeac560_0;
    %addi 2, 0, 32;
    %load/vec4 v00000218faeab840_0;
    %cmp/s;
    %jmp/0xz T_5.9, 5;
    %load/vec4 v00000218faeab840_0;
    %pad/s 33;
    %subi 2, 0, 33;
    %ix/vec4/s 4;
    %load/vec4a v00000218faeac600, 4;
    %ix/getv/s 4, v00000218faeab840_0;
    %store/vec4a v00000218faeac600, 4, 0;
    %load/vec4 v00000218faeab840_0;
    %subi 1, 0, 32;
    %store/vec4 v00000218faeab840_0, 0, 32;
    %jmp T_5.8;
T_5.9 ;
    %pushi/vec4 0, 0, 16;
    %load/vec4 v00000218faeac560_0;
    %pad/s 33;
    %addi 1, 0, 33;
    %ix/vec4/s 4;
    %store/vec4a v00000218faeac600, 4, 0;
    %pushi/vec4 0, 0, 16;
    %load/vec4 v00000218faeac560_0;
    %pad/s 33;
    %addi 2, 0, 33;
    %ix/vec4/s 4;
    %store/vec4a v00000218faeac600, 4, 0;
    %load/vec4 v00000218faeac560_0;
    %addi 3, 0, 32;
    %store/vec4 v00000218faeac560_0, 0, 32;
T_5.6 ;
    %load/vec4 v00000218faeaaf80_0;
    %pad/u 32;
    %cmpi/e 1, 0, 32;
    %jmp/0xz  T_5.10, 4;
    %load/vec4 v00000218faeac560_0;
    %pad/s 33;
    %addi 1, 0, 33;
    %ix/vec4/s 4;
    %load/vec4a v00000218faeac600, 4;
    %parti/s 3, 13, 5;
    %cmpi/e 0, 0, 3;
    %jmp/0xz  T_5.12, 4;
    %load/vec4 v00000218faeac560_0;
    %pad/s 33;
    %addi 1, 0, 33;
    %ix/vec4/s 4;
    %load/vec4a v00000218faeac600, 4;
    %parti/s 3, 0, 2;
    %load/vec4 v00000218faeaac60_0;
    %cmp/e;
    %flag_mov 8, 4;
    %load/vec4 v00000218faeac560_0;
    %pad/s 33;
    %addi 1, 0, 33;
    %ix/vec4/s 4;
    %load/vec4a v00000218faeac600, 4;
    %parti/s 3, 3, 3;
    %load/vec4 v00000218faeaac60_0;
    %cmp/e;
    %flag_or 4, 8;
    %jmp/0xz  T_5.14, 4;
    %pushi/vec4 255, 0, 32;
    %store/vec4 v00000218faeab840_0, 0, 32;
T_5.16 ;
    %load/vec4 v00000218faeac560_0;
    %addi 3, 0, 32;
    %load/vec4 v00000218faeab840_0;
    %cmp/s;
    %jmp/0xz T_5.17, 5;
    %load/vec4 v00000218faeab840_0;
    %pad/s 33;
    %subi 3, 0, 33;
    %ix/vec4/s 4;
    %load/vec4a v00000218faeac600, 4;
    %ix/getv/s 4, v00000218faeab840_0;
    %store/vec4a v00000218faeac600, 4, 0;
    %load/vec4 v00000218faeab840_0;
    %subi 1, 0, 32;
    %store/vec4 v00000218faeab840_0, 0, 32;
    %jmp T_5.16;
T_5.17 ;
    %pushi/vec4 0, 0, 16;
    %load/vec4 v00000218faeac560_0;
    %pad/s 33;
    %addi 1, 0, 33;
    %ix/vec4/s 4;
    %store/vec4a v00000218faeac600, 4, 0;
    %pushi/vec4 0, 0, 16;
    %load/vec4 v00000218faeac560_0;
    %pad/s 33;
    %addi 2, 0, 33;
    %ix/vec4/s 4;
    %store/vec4a v00000218faeac600, 4, 0;
    %pushi/vec4 0, 0, 16;
    %load/vec4 v00000218faeac560_0;
    %pad/s 33;
    %addi 3, 0, 33;
    %ix/vec4/s 4;
    %store/vec4a v00000218faeac600, 4, 0;
    %load/vec4 v00000218faeac560_0;
    %addi 3, 0, 32;
    %store/vec4 v00000218faeac560_0, 0, 32;
T_5.14 ;
    %jmp T_5.13;
T_5.12 ;
    %load/vec4 v00000218faeac560_0;
    %pad/s 33;
    %addi 1, 0, 33;
    %ix/vec4/s 4;
    %load/vec4a v00000218faeac600, 4;
    %parti/s 3, 13, 5;
    %cmpi/e 3, 0, 3;
    %jmp/0xz  T_5.18, 4;
    %load/vec4 v00000218faeac560_0;
    %pad/s 33;
    %addi 1, 0, 33;
    %ix/vec4/s 4;
    %load/vec4a v00000218faeac600, 4;
    %parti/s 3, 0, 2;
    %load/vec4 v00000218faeaac60_0;
    %cmp/e;
    %jmp/0xz  T_5.20, 4;
    %pushi/vec4 255, 0, 32;
    %store/vec4 v00000218faeab840_0, 0, 32;
T_5.22 ;
    %load/vec4 v00000218faeac560_0;
    %addi 3, 0, 32;
    %load/vec4 v00000218faeab840_0;
    %cmp/s;
    %jmp/0xz T_5.23, 5;
    %load/vec4 v00000218faeab840_0;
    %pad/s 33;
    %subi 3, 0, 33;
    %ix/vec4/s 4;
    %load/vec4a v00000218faeac600, 4;
    %ix/getv/s 4, v00000218faeab840_0;
    %store/vec4a v00000218faeac600, 4, 0;
    %load/vec4 v00000218faeab840_0;
    %subi 1, 0, 32;
    %store/vec4 v00000218faeab840_0, 0, 32;
    %jmp T_5.22;
T_5.23 ;
    %pushi/vec4 0, 0, 16;
    %load/vec4 v00000218faeac560_0;
    %pad/s 33;
    %addi 1, 0, 33;
    %ix/vec4/s 4;
    %store/vec4a v00000218faeac600, 4, 0;
    %pushi/vec4 0, 0, 16;
    %load/vec4 v00000218faeac560_0;
    %pad/s 33;
    %addi 2, 0, 33;
    %ix/vec4/s 4;
    %store/vec4a v00000218faeac600, 4, 0;
    %pushi/vec4 0, 0, 16;
    %load/vec4 v00000218faeac560_0;
    %pad/s 33;
    %addi 3, 0, 33;
    %ix/vec4/s 4;
    %store/vec4a v00000218faeac600, 4, 0;
    %load/vec4 v00000218faeac560_0;
    %addi 3, 0, 32;
    %store/vec4 v00000218faeac560_0, 0, 32;
T_5.20 ;
T_5.18 ;
T_5.13 ;
T_5.10 ;
    %load/vec4 v00000218faeac560_0;
    %addi 1, 0, 32;
    %store/vec4 v00000218faeac560_0, 0, 32;
    %jmp T_5.0;
T_5.1 ;
    %end;
    .thread T_5;
    .scope S_00000218fae0af70;
T_6 ;
    %wait E_00000218faeb1a50;
    %load/vec4 v00000218faeab8e0_0;
    %parti/s 3, 13, 5;
    %ix/load 4, 2, 0;
    %flag_set/imm 4, 0;
    %store/vec4 v00000218faeac060_0, 4, 3;
    %load/vec4 v00000218faeab8e0_0;
    %parti/s 3, 13, 5;
    %pad/u 32;
    %cmpi/e 0, 0, 32;
    %jmp/0xz  T_6.0, 4;
    %load/vec4 v00000218faeab8e0_0;
    %parti/s 2, 11, 5;
    %ix/load 4, 0, 0;
    %flag_set/imm 4, 0;
    %store/vec4 v00000218faeac060_0, 4, 2;
    %jmp T_6.1;
T_6.0 ;
    %pushi/vec4 3, 3, 2;
    %ix/load 4, 0, 0;
    %flag_set/imm 4, 0;
    %store/vec4 v00000218faeac060_0, 4, 2;
T_6.1 ;
    %jmp T_6;
    .thread T_6, $push;
    .scope S_00000218faf26880;
T_7 ;
    %wait E_00000218faeb11d0;
    %load/vec4 v00000218faf28150_0;
    %assign/vec4 v00000218faf251d0_0, 0;
    %load/vec4 v00000218faf28ab0_0;
    %assign/vec4 v00000218faf26170_0, 0;
    %load/vec4 v00000218faf283d0_0;
    %assign/vec4 v00000218faf25f90_0, 0;
    %load/vec4 v00000218faf27bb0_0;
    %assign/vec4 v00000218faf25e50_0, 0;
    %load/vec4 v00000218faf290f0_0;
    %assign/vec4 v00000218faf25090_0, 0;
    %load/vec4 v00000218faf29690_0;
    %assign/vec4 v00000218faf25ef0_0, 0;
    %load/vec4 v00000218faf286f0_0;
    %assign/vec4 v00000218faf25770_0, 0;
    %load/vec4 v00000218faf27b10_0;
    %assign/vec4 v00000218faf25b30_0, 0;
    %load/vec4 v00000218faf25a90_0;
    %assign/vec4 v00000218faf260d0_0, 0;
    %load/vec4 v00000218faf249b0_0;
    %assign/vec4 v00000218faf24cd0_0, 0;
    %load/vec4 v00000218faf28970_0;
    %assign/vec4 v00000218faf24e10_0, 0;
    %load/vec4 v00000218faf262b0_0;
    %assign/vec4 v00000218faf24d70_0, 0;
    %load/vec4 v00000218faf28fb0_0;
    %assign/vec4 v00000218faf24ff0_0, 0;
    %jmp T_7;
    .thread T_7, $push;
    .scope S_00000218faf26880;
T_8 ;
    %wait E_00000218faeb1e10;
    %load/vec4 v00000218faf251d0_0;
    %assign/vec4 v00000218faf28d30_0, 0;
    %load/vec4 v00000218faf26170_0;
    %assign/vec4 v00000218faf28650_0, 0;
    %load/vec4 v00000218faf25f90_0;
    %assign/vec4 v00000218faf285b0_0, 0;
    %load/vec4 v00000218faf25e50_0;
    %assign/vec4 v00000218faf28790_0, 0;
    %load/vec4 v00000218faf25090_0;
    %assign/vec4 v00000218faf28510_0, 0;
    %load/vec4 v00000218faf25ef0_0;
    %assign/vec4 v00000218faf281f0_0, 0;
    %load/vec4 v00000218faf25770_0;
    %assign/vec4 v00000218faf27d90_0, 0;
    %load/vec4 v00000218faf25b30_0;
    %assign/vec4 v00000218faf28e70_0, 0;
    %load/vec4 v00000218faf260d0_0;
    %assign/vec4 v00000218faf28f10_0, 0;
    %load/vec4 v00000218faf24cd0_0;
    %assign/vec4 v00000218faf288d0_0, 0;
    %load/vec4 v00000218faf24e10_0;
    %assign/vec4 v00000218faf28a10_0, 0;
    %load/vec4 v00000218faf24d70_0;
    %assign/vec4 v00000218faf28470_0, 0;
    %load/vec4 v00000218faf24ff0_0;
    %assign/vec4 v00000218faf28290_0, 0;
    %jmp T_8;
    .thread T_8;
    .scope S_00000218fae221c0;
T_9 ;
    %wait E_00000218faeb1b90;
    %load/vec4 v00000218faf256d0_0;
    %dup/vec4;
    %pushi/vec4 0, 0, 1;
    %cmp/u;
    %jmp/1 T_9.0, 6;
    %dup/vec4;
    %pushi/vec4 1, 0, 1;
    %cmp/u;
    %jmp/1 T_9.1, 6;
    %jmp T_9.3;
T_9.0 ;
    %load/vec4 v00000218faf24f50_0;
    %assign/vec4 v00000218faf25630_0, 2000;
    %jmp T_9.3;
T_9.1 ;
    %load/vec4 v00000218faf25270_0;
    %assign/vec4 v00000218faf25630_0, 2000;
    %jmp T_9.3;
T_9.3 ;
    %pop/vec4 1;
    %jmp T_9;
    .thread T_9, $push;
    .scope S_00000218fae22030;
T_10 ;
    %wait E_00000218faeb1e10;
    %load/vec4 v00000218faf25c70_0;
    %flag_set/vec4 8;
    %jmp/0xz  T_10.0, 8;
    %load/vec4 v00000218faf258b0_0;
    %load/vec4 v00000218faf25450_0;
    %pad/u 5;
    %ix/vec4 3;
    %ix/load 4, 0, 0; Constant delay
    %assign/vec4/a/d v00000218faf25d10, 0, 4;
T_10.0 ;
    %jmp T_10;
    .thread T_10;
    .scope S_00000218fae22030;
T_11 ;
    %wait E_00000218faeb1ad0;
    %load/vec4 v00000218faf24a50_0;
    %cmpi/e 0, 0, 3;
    %jmp/0xz  T_11.0, 4;
    %pushi/vec4 0, 0, 8;
    %store/vec4 v00000218faf265d0_0, 0, 8;
    %jmp T_11.1;
T_11.0 ;
    %load/vec4 v00000218faf24a50_0;
    %cmpi/e 7, 0, 3;
    %jmp/0xz  T_11.2, 4;
    %pushi/vec4 127, 0, 8;
    %store/vec4 v00000218faf265d0_0, 0, 8;
    %jmp T_11.3;
T_11.2 ;
    %load/vec4 v00000218faf24a50_0;
    %pad/u 5;
    %ix/vec4 4;
    %load/vec4a v00000218faf25d10, 4;
    %store/vec4 v00000218faf265d0_0, 0, 8;
T_11.3 ;
T_11.1 ;
    %load/vec4 v00000218faf26490_0;
    %cmpi/e 0, 0, 3;
    %jmp/0xz  T_11.4, 4;
    %pushi/vec4 0, 0, 8;
    %store/vec4 v00000218faf24910_0, 0, 8;
    %jmp T_11.5;
T_11.4 ;
    %load/vec4 v00000218faf26490_0;
    %cmpi/e 7, 0, 3;
    %jmp/0xz  T_11.6, 4;
    %pushi/vec4 127, 0, 8;
    %store/vec4 v00000218faf24910_0, 0, 8;
    %jmp T_11.7;
T_11.6 ;
    %load/vec4 v00000218faf26490_0;
    %pad/u 5;
    %ix/vec4 4;
    %load/vec4a v00000218faf25d10, 4;
    %store/vec4 v00000218faf24910_0, 0, 8;
T_11.7 ;
T_11.5 ;
    %jmp T_11;
    .thread T_11, $push;
    .scope S_00000218faf27370;
T_12 ;
    %wait E_00000218faeb1bd0;
    %load/vec4 v00000218faf280b0_0;
    %assign/vec4 v00000218faf279d0_0, 0;
    %load/vec4 v00000218faf28bf0_0;
    %assign/vec4 v00000218faf29230_0, 0;
    %load/vec4 v00000218faf27c50_0;
    %assign/vec4 v00000218faf27930_0, 0;
    %load/vec4 v00000218faf29730_0;
    %assign/vec4 v00000218faf28330_0, 0;
    %load/vec4 v00000218faf28dd0_0;
    %assign/vec4 v00000218faf2a480_0, 0;
    %load/vec4 v00000218faf28c90_0;
    %assign/vec4 v00000218faf29410_0, 0;
    %load/vec4 v00000218faf28830_0;
    %assign/vec4 v00000218faf29370_0, 0;
    %load/vec4 v00000218faf27890_0;
    %assign/vec4 v00000218faf29550_0, 0;
    %load/vec4 v00000218faf292d0_0;
    %assign/vec4 v00000218faf294b0_0, 0;
    %load/vec4 v00000218faf27cf0_0;
    %assign/vec4 v00000218faf295f0_0, 0;
    %load/vec4 v00000218faf27ed0_0;
    %assign/vec4 v00000218faf27f70_0, 0;
    %load/vec4 v00000218faf29190_0;
    %assign/vec4 v00000218faf29e40_0, 0;
    %jmp T_12;
    .thread T_12, $push;
    .scope S_00000218faf27370;
T_13 ;
    %wait E_00000218faeb1e10;
    %load/vec4 v00000218faf279d0_0;
    %assign/vec4 v00000218faf29bc0_0, 0;
    %load/vec4 v00000218faf29230_0;
    %assign/vec4 v00000218faf27e30_0, 0;
    %load/vec4 v00000218faf27930_0;
    %assign/vec4 v00000218faf28010_0, 0;
    %load/vec4 v00000218faf28330_0;
    %assign/vec4 v00000218faf2a340_0, 0;
    %load/vec4 v00000218faf2a480_0;
    %assign/vec4 v00000218faf298a0_0, 0;
    %load/vec4 v00000218faf29410_0;
    %assign/vec4 v00000218faf27a70_0, 0;
    %load/vec4 v00000218faf29370_0;
    %assign/vec4 v00000218faf29050_0, 0;
    %load/vec4 v00000218faf29550_0;
    %assign/vec4 v00000218faf299e0_0, 0;
    %load/vec4 v00000218faf294b0_0;
    %assign/vec4 v00000218faf2ae80_0, 0;
    %load/vec4 v00000218faf295f0_0;
    %assign/vec4 v00000218faf29f80_0, 0;
    %load/vec4 v00000218faf27f70_0;
    %assign/vec4 v00000218faf29c60_0, 0;
    %load/vec4 v00000218faf29e40_0;
    %assign/vec4 v00000218faf2a660_0, 0;
    %jmp T_13;
    .thread T_13;
    .scope S_00000218fae0ade0;
T_14 ;
    %wait E_00000218faeb1010;
    %load/vec4 v00000218faeabe80_0;
    %dup/vec4;
    %pushi/vec4 0, 0, 3;
    %cmp/u;
    %jmp/1 T_14.0, 6;
    %dup/vec4;
    %pushi/vec4 1, 0, 3;
    %cmp/u;
    %jmp/1 T_14.1, 6;
    %dup/vec4;
    %pushi/vec4 2, 0, 3;
    %cmp/u;
    %jmp/1 T_14.2, 6;
    %dup/vec4;
    %pushi/vec4 3, 0, 3;
    %cmp/u;
    %jmp/1 T_14.3, 6;
    %dup/vec4;
    %pushi/vec4 4, 0, 3;
    %cmp/u;
    %jmp/1 T_14.4, 6;
    %dup/vec4;
    %pushi/vec4 5, 0, 3;
    %cmp/u;
    %jmp/1 T_14.5, 6;
    %dup/vec4;
    %pushi/vec4 6, 0, 3;
    %cmp/u;
    %jmp/1 T_14.6, 6;
    %dup/vec4;
    %pushi/vec4 7, 0, 3;
    %cmp/u;
    %jmp/1 T_14.7, 6;
    %jmp T_14.9;
T_14.0 ;
    %load/vec4 v00000218faeab660_0;
    %load/vec4 v00000218faeab020_0;
    %add;
    %assign/vec4 v00000218faeab340_0, 0;
    %pushi/vec4 0, 0, 1;
    %assign/vec4 v00000218faeab700_0, 0;
    %jmp T_14.9;
T_14.1 ;
    %load/vec4 v00000218faeab660_0;
    %load/vec4 v00000218faeab020_0;
    %sub;
    %assign/vec4 v00000218faeab340_0, 0;
    %pushi/vec4 0, 0, 1;
    %assign/vec4 v00000218faeab700_0, 0;
    %jmp T_14.9;
T_14.2 ;
    %load/vec4 v00000218faeab660_0;
    %load/vec4 v00000218faeab020_0;
    %and;
    %assign/vec4 v00000218faeab340_0, 0;
    %pushi/vec4 0, 0, 1;
    %assign/vec4 v00000218faeab700_0, 0;
    %jmp T_14.9;
T_14.3 ;
    %load/vec4 v00000218faeab660_0;
    %load/vec4 v00000218faeab020_0;
    %or;
    %assign/vec4 v00000218faeab340_0, 0;
    %pushi/vec4 0, 0, 1;
    %assign/vec4 v00000218faeab700_0, 0;
    %jmp T_14.9;
T_14.4 ;
    %load/vec4 v00000218faeab660_0;
    %load/vec4 v00000218faeab020_0;
    %add;
    %assign/vec4 v00000218faeab340_0, 0;
    %pushi/vec4 0, 0, 1;
    %assign/vec4 v00000218faeab700_0, 0;
    %jmp T_14.9;
T_14.5 ;
    %load/vec4 v00000218faeab660_0;
    %load/vec4 v00000218faeab020_0;
    %add;
    %assign/vec4 v00000218faeab340_0, 0;
    %pushi/vec4 0, 0, 1;
    %assign/vec4 v00000218faeab700_0, 0;
    %jmp T_14.9;
T_14.6 ;
    %load/vec4 v00000218faeab660_0;
    %load/vec4 v00000218faeab020_0;
    %add;
    %assign/vec4 v00000218faeab340_0, 0;
    %pushi/vec4 0, 0, 1;
    %assign/vec4 v00000218faeab700_0, 0;
    %jmp T_14.9;
T_14.7 ;
    %load/vec4 v00000218faeab660_0;
    %load/vec4 v00000218faeab020_0;
    %cmp/e;
    %jmp/0xz  T_14.10, 4;
    %pushi/vec4 0, 0, 1;
    %assign/vec4 v00000218faeab700_0, 0;
    %jmp T_14.11;
T_14.10 ;
    %pushi/vec4 1, 0, 1;
    %assign/vec4 v00000218faeab700_0, 0;
T_14.11 ;
    %jmp T_14.9;
T_14.9 ;
    %pop/vec4 1;
    %jmp T_14;
    .thread T_14, $push;
    .scope S_00000218faf271e0;
T_15 ;
    %wait E_00000218faeb1b10;
    %load/vec4 v00000218faf29d00_0;
    %assign/vec4 v00000218faf29ee0_0, 0;
    %load/vec4 v00000218faf2a3e0_0;
    %assign/vec4 v00000218faf29940_0, 0;
    %load/vec4 v00000218faf2a5c0_0;
    %assign/vec4 v00000218faf2b1a0_0, 0;
    %load/vec4 v00000218faf2a700_0;
    %assign/vec4 v00000218faf2a7a0_0, 0;
    %load/vec4 v00000218faf2afc0_0;
    %assign/vec4 v00000218faf2b060_0, 0;
    %load/vec4 v00000218faf2a520_0;
    %assign/vec4 v00000218faf2a200_0, 0;
    %load/vec4 v00000218faf2ac00_0;
    %assign/vec4 v00000218faf29b20_0, 0;
    %load/vec4 v00000218faf2aca0_0;
    %assign/vec4 v00000218faf2b100_0, 0;
    %jmp T_15;
    .thread T_15, $push;
    .scope S_00000218faf271e0;
T_16 ;
    %wait E_00000218faeb1e10;
    %load/vec4 v00000218faf29ee0_0;
    %assign/vec4 v00000218faf2af20_0, 0;
    %load/vec4 v00000218faf29940_0;
    %assign/vec4 v00000218faf2b240_0, 0;
    %load/vec4 v00000218faf2b1a0_0;
    %assign/vec4 v00000218faf2a0c0_0, 0;
    %load/vec4 v00000218faf2a7a0_0;
    %assign/vec4 v00000218faf2b380_0, 0;
    %load/vec4 v00000218faf2b060_0;
    %assign/vec4 v00000218faf2a020_0, 0;
    %load/vec4 v00000218faf2a200_0;
    %assign/vec4 v00000218faf2aa20_0, 0;
    %load/vec4 v00000218faf29b20_0;
    %assign/vec4 v00000218faf29a80_0, 0;
    %load/vec4 v00000218faf2b100_0;
    %assign/vec4 v00000218faf2b2e0_0, 0;
    %jmp T_16;
    .thread T_16;
    .scope S_00000218fae24b20;
T_17 ;
    %wait E_00000218faeb1e10;
    %load/vec4 v00000218faeac7e0_0;
    %flag_set/vec4 8;
    %jmp/0xz  T_17.0, 8;
    %load/vec4 v00000218faeabb60_0;
    %load/vec4 v00000218faeab2a0_0;
    %pad/u 10;
    %ix/vec4 3;
    %ix/load 4, 0, 0; Constant delay
    %assign/vec4/a/d v00000218faeaa940, 0, 4;
T_17.0 ;
    %jmp T_17;
    .thread T_17;
    .scope S_00000218fae24b20;
T_18 ;
    %wait E_00000218faeb1190;
    %load/vec4 v00000218faeac740_0;
    %flag_set/vec4 8;
    %jmp/0xz  T_18.0, 8;
    %load/vec4 v00000218faeab2a0_0;
    %pad/u 10;
    %ix/vec4 4;
    %load/vec4a v00000218faeaa940, 4;
    %assign/vec4 v00000218faeaaa80_0, 0;
T_18.0 ;
    %jmp T_18;
    .thread T_18, $push;
    .scope S_00000218faf27500;
T_19 ;
    %wait E_00000218faeb2050;
    %load/vec4 v00000218faf2b600_0;
    %assign/vec4 v00000218faf2a2a0_0, 0;
    %load/vec4 v00000218faf2c710_0;
    %assign/vec4 v00000218faf2b560_0, 0;
    %load/vec4 v00000218faf2ab60_0;
    %assign/vec4 v00000218faf2aac0_0, 0;
    %load/vec4 v00000218faf2a840_0;
    %assign/vec4 v00000218faf2a8e0_0, 0;
    %load/vec4 v00000218faf2ad40_0;
    %assign/vec4 v00000218faf2a980_0, 0;
    %jmp T_19;
    .thread T_19, $push;
    .scope S_00000218faf27500;
T_20 ;
    %wait E_00000218faeb1e10;
    %load/vec4 v00000218faf2a2a0_0;
    %assign/vec4 v00000218faf2b4c0_0, 0;
    %load/vec4 v00000218faf2b560_0;
    %assign/vec4 v00000218faf2b740_0, 0;
    %load/vec4 v00000218faf2aac0_0;
    %assign/vec4 v00000218faf2ade0_0, 0;
    %load/vec4 v00000218faf2a8e0_0;
    %assign/vec4 v00000218faf2b420_0, 0;
    %load/vec4 v00000218faf2a980_0;
    %store/vec4 v00000218faf2b950_0, 0, 3;
    %jmp T_20;
    .thread T_20;
    .scope S_00000218fae1f220;
T_21 ;
    %wait E_00000218faeb1e10;
    %vpi_call 4 28 "$display", "Time: %0d , add = %b , inst=%b , pinci = %b , l1_m2= %b , l2_m2 = %b , l3_m2 = %b, alubeq= %b , pin =%b ", $time, v00000218faf2f300_0, v00000218faf2e860_0, v00000218faf2e5e0_0, v00000218faf2e2c0_0, v00000218faf2f080_0, v00000218faf2e900_0, v00000218faf2e680_0, v00000218faf2e7c0_0 {0 0 0};
    %vpi_call 4 29 "$display", "Time: %0d , OpFn=%b , Branch = %b, NIA=%b , RegA=%b , RegB=%b , RegC=%b, RegD=%b, RegE=%b ,Mem[22]=%b", $time, v00000218faf2cdf0_0, v00000218faf2e680_0, v00000218faf2c8f0_0, &A<v00000218faf25d10, 1>, &A<v00000218faf25d10, 2>, &A<v00000218faf25d10, 3>, &A<v00000218faf25d10, 4>, &A<v00000218faf25d10, 5>, &A<v00000218faeaa940, 22> {0 0 0};
    %jmp T_21;
    .thread T_21;
    .scope S_00000218fae1f220;
T_22 ;
    %pushi/vec4 8961, 0, 16;
    %ix/load 4, 0, 0;
    %flag_set/imm 4, 0;
    %store/vec4a v00000218faeac600, 4, 0;
    %pushi/vec4 8642, 0, 16;
    %ix/load 4, 1, 0;
    %flag_set/imm 4, 0;
    %store/vec4a v00000218faeac600, 4, 0;
    %pushi/vec4 2314, 0, 16;
    %ix/load 4, 2, 0;
    %flag_set/imm 4, 0;
    %store/vec4a v00000218faeac600, 4, 0;
    %pushi/vec4 202, 0, 16;
    %ix/load 4, 3, 0;
    %flag_set/imm 4, 0;
    %store/vec4a v00000218faeac600, 4, 0;
    %pushi/vec4 348, 0, 16;
    %ix/load 4, 4, 0;
    %flag_set/imm 4, 0;
    %store/vec4a v00000218faeac600, 4, 0;
    %pushi/vec4 25989, 0, 16;
    %ix/load 4, 5, 0;
    %flag_set/imm 4, 0;
    %store/vec4a v00000218faeac600, 4, 0;
    %pushi/vec4 32962, 0, 16;
    %ix/load 4, 6, 0;
    %flag_set/imm 4, 0;
    %store/vec4a v00000218faeac600, 4, 0;
    %pushi/vec4 8195, 0, 16;
    %ix/load 4, 7, 0;
    %flag_set/imm 4, 0;
    %store/vec4a v00000218faeac600, 4, 0;
    %pushi/vec4 17796, 0, 16;
    %ix/load 4, 8, 0;
    %flag_set/imm 4, 0;
    %store/vec4a v00000218faeac600, 4, 0;
    %pushi/vec4 4186, 0, 16;
    %ix/load 4, 9, 0;
    %flag_set/imm 4, 0;
    %store/vec4a v00000218faeac600, 4, 0;
    %pushi/vec4 0, 0, 32;
    %store/vec4 v00000218faf2f440_0, 0, 32;
T_22.0 ;
    %load/vec4 v00000218faf2f440_0;
    %cmpi/s 256, 0, 32;
    %jmp/0xz T_22.1, 5;
    %load/vec4 v00000218faf2f440_0;
    %pad/s 8;
    %ix/getv/s 4, v00000218faf2f440_0;
    %store/vec4a v00000218faeaa940, 4, 0;
    %load/vec4 v00000218faf2f440_0;
    %addi 1, 0, 32;
    %store/vec4 v00000218faf2f440_0, 0, 32;
    %jmp T_22.0;
T_22.1 ;
    %vpi_call 4 70 "$dumpfile", "mp.vvp" {0 0 0};
    %vpi_call 4 71 "$dumpvars", 32'sb00000000000000000000000000000000, S_00000218fae1f220 {0 0 0};
    %pushi/vec4 1, 0, 1;
    %store/vec4 v00000218faf2e9a0_0, 0, 1;
    %delay 4000, 0;
    %pushi/vec4 0, 0, 1;
    %store/vec4 v00000218faf2e9a0_0, 0, 1;
    %delay 60000, 0;
    %vpi_call 4 76 "$finish" {0 0 0};
    %end;
    .thread T_22;
# The file index is used to find the file name in the following table.
:file_names 21;
    "N/A";
    "<interactive>";
    "./B_Selector_MUX.v";
    "./programcounter.v";
    "mp_tb.v";
    "./dpnew.v";
    "./alu.v";
    "./decoder.v";
    "./instructionregister.v";
    "./register256x8.v";
    "./mux2x1.v";
    "./regfile_updated.v";
    "./regfile_mux.v";
    "./SignExtender.v";
    "./adder.v";
    "./controlpath.v";
    "./L1.v";
    "./L2.v";
    "./L3.v";
    "./L4.v";
    "./regpc.v";
